§§81 to 134. Repealed. July 5, 1946, ch. 540, §46(a), 60 Stat. 444
81 
1051, 1054, 1126(b).
82 
1051, 1061.
83 
1126.
84 
1125(c), (d).
85 
1052.
86 
1062, 1063.
87 
1063, 1066 to 1068.
88 
1070.
89 
1071.
90 
1060.
91 
1057(a), (c).
92 
1058, 1059, 1126(f).
93 
1064, 1068, 1070.
94 
1113.
95 
1113.
96 
1057(b), 1114, 1115, 1117.
97 
1121.
98 
1122.
99 
1116, 1117.
100 
1116, 1118.
101 
1115.
102 
1071, 1119.
103 
1051 note.
104 
1120.
105 
1123.
106 
1124.
107 
1111.
108 
1127.
109 
1051 note.
121 
1051 note, 1091, 1126.
122 
1092.
123 
1125.
124 
1114, 1117.
125 
1111.
126 
1094, 1126(f).
127 
1057(e).
128 
1113.
131 
1112.
132 
1051 note.
133 
1057(f).
134 
not now covered.

