§531. Exemption from taxation
Federal reserve banks, including the capital stock and surplus therein and the income derived therefrom, shall be exempt from Federal, State, and local taxation, except taxes upon real estate.

§541. Tax on circulating notes generally
In lieu of all existing taxes, every association shall pay to the Treasurer of the United States, in the months of January and July, a duty of one-half of 1 per centum each half year upon the average amount of its notes in circulation.

§542. Omitted

§543. Repealed. Pub. L. 97–258, §5(b), Sept. 13, 1982, 96 Stat. 1068

§§544 to 547. Omitted

§548. State taxation
For the purposes of any tax law enacted under authority of the United States or any State, a national bank shall be treated as a bank organized and existing under the laws of the State or other jurisdiction within which its principal office is located.

§§561 to 570. Omitted
561 
1905, I.R.C. 1939; 4882, I.R.C. 1954
562 
1900(b)(2), I.R.C. 1939; 4881, I.R.C. 1954
563 
1900(b)(2) I.R.C. 1939; 4881, I.R.C. 1954
564 
1902(b), I.R.C. 1939; 6151(a), I.R.C. 1954
565 
1901, I.R.C. 1939; 4883, I.R.C. 1954
566 
1902(a)(1)(2), I.R.C. 1939; 6011(a), 6065(a), 6071, 6091(b)(1), (2), I.R.C. 1954
567 
1903, 1904, I.R.C. 1939; 4885, I.R.C. 1954
568 
1902(a)(4), I.R.C. 1939; omitted, I.R.C. 1954
569 
1906, I.R.C. 1939; 4883, I.R.C. 1954
570 
3798, I.R.C. 1939; 7507, I.R.C. 1954

