http://uscode.house.gov/images/2014/t151278b.gif
http://uscode.house.gov/images/2010/t151278e.gif
                        var nextS = function(event) { bindLink(event, 's', 'frmNav:nextSection')};
presidential-signature
                    for (var i=0; i<select.options.length; i++) {
note-body-3em
italic-text-para
http://uscode.house.gov/images/1998/t151278c.gif
analysis-style-table
http://uscode.house.gov/images/2005/t154402.gif
http://uscode.house.gov/images/2000/t154402.gif
http://uscode.house.gov/images/2014/t151278c.gif
/javax.faces.resource/favicon.ico.xhtml?ln=images
http://uscode.house.gov/images/2008/t151278e.gif
http://uscode.house.gov/images/2012/t151278g.gif
http://uscode.house.gov/images/1996/t151278c.gif
http://uscode.house.gov/images/2005/t151278g.gif
http://uscode.house.gov/images/2000/t151278d.gif
http://uscode.house.gov/images/1997/t151278e.gif
http://uscode.house.gov/images/2002/t151278a.gif
http://uscode.house.gov/images/1997/t151278g.gif
                var prev = function(event) { bindCode(event, 'R', 'j_idt21:j_idt23:prevResult')};
http://uscode.house.gov/images/2000/t151278f.gif
http://uscode.house.gov/images/2011/t151278a.gif
http://uscode.house.gov/images/2003/t151278d.gif
http://uscode.house.gov/images/1999/t154402.gif
http://uscode.house.gov/images/2012/t151278b.gif
http://uscode.house.gov/images/1998/t151278g.gif
http://uscode.house.gov/images/2014/t151278f.gif
note-body-2em
float:left; width: 220px; overflow: visible; text-align: left;
http://uscode.house.gov/images/2005/t151278c.gif
http://uscode.house.gov/images/2013/t151278h.gif
http://uscode.house.gov/images/2006/t151278e.gif
http://uscode.house.gov/images/2007/t151278b.gif
http://uscode.house.gov/images/2014/t151278g.gif
                    // Hide the pending section if version different to prelim.
http://uscode.house.gov/images/1999/t151278h.gif
http://uscode.house.gov/images/2008/t151278b.gif
note-body-flush0_hang4
http://uscode.house.gov/images/2000/t151278b.gif
contract bundling
http://uscode.house.gov/images/2015/t151278g.gif
http://uscode.house.gov/images/2011/t151278h.gif
http://uscode.house.gov/images/2007/t154402.gif
http://uscode.house.gov/images/2002/t151278f.gif
http://uscode.house.gov/images/uscprelim/t151278f.gif
                if (document.addEventListener) {
http://uscode.house.gov/images/2015/t151278h.gif
http://uscode.house.gov/images/2007/t151278a.gif
                    //If a standard reference seach then rename each element to be used
http://uscode.house.gov/images/2015/t151278a.gif
http://uscode.house.gov/images/2010/t151278g.gif
viewheader_subdiv
http://uscode.house.gov/images/2006/t151278g.gif
http://uscode.house.gov/images/2004/t151278a.gif
http://uscode.house.gov/images/uscprelim/t151278b.gif
http://uscode.house.gov/images/uscprelim/t151278h.gif
http://uscode.house.gov/images/1998/t151278f.gif
http://uscode.house.gov/images/1999/t151278f.gif
http://uscode.house.gov/images/2005/t151278f.gif
http://uscode.house.gov/images/1999/t151278b.gif
http://uscode.house.gov/images/1999/t151278c.gif
http://uscode.house.gov/images/2012/t151278c.gif
http://uscode.house.gov/images/2003/t151278h.gif
http://uscode.house.gov/images/2013/t151278c.gif
http://uscode.house.gov/images/uscprelim/t151278e.gif
http://uscode.house.gov/images/2007/t151278g.gif
note-body-block
http://uscode.house.gov/images/1995/ 
                        else if (document.attachEvent) {
http://uscode.house.gov/images/1997/t151278f.gif
http://uscode.house.gov/images/2000/t151278e.gif
                var next = function(event) { bindCode(event, 'r', 'j_idt21:j_idt23:nextResult')};
float:right; width: 220px; overflow: visible; text-align: right; 
http://uscode.house.gov/images/uscprelim/t151278g.gif
http://uscode.house.gov/images/2011/t151278c.gif
                    //later in the highlighting.
http://uscode.house.gov/images/2015/t151278f.gif
http://uscode.house.gov/images/2009/t154402.gif
italic-text-head-1em
http://uscode.house.gov/images/2009/t151278a.gif
http://uscode.house.gov/images/1999/t151278a.gif
http://uscode.house.gov/images/2000/t151278h.gif
http://uscode.house.gov/images/1999/t151278g.gif
http://uscode.house.gov/images/2014/t151278a.gif
            var closeLink = document.getElementById('closeLink');
http://uscode.house.gov/images/1997/t151278c.gif
http://uscode.house.gov/images/2008/t151278h.gif
. Correction of billing errors</div></div></div></div></body></html>
http://uscode.house.gov/images/1995/
http://uscode.house.gov/images/1996/t154402.gif
http://uscode.house.gov/images/2011/t151278g.gif
http://uscode.house.gov/images/1998/t151278d.gif
http://uscode.house.gov/images/1999/t151278e.gif
http://uscode.house.gov/images/2001/t151278e.gif
http://uscode.house.gov/images/2009/t151278d.gif
http://uscode.house.gov/images/2001/t151278f.gif
http://uscode.house.gov/images/uscprelim/t151278d.gif
http://uscode.house.gov/images/2010/t151278a.gif
                        if (select.options[i].value==editionYear) {
http://uscode.house.gov/images/2005/t151278h.gif
http://uscode.house.gov/images/2014/t151278e.gif
contextHeader
http://uscode.house.gov/images/2002/t151278b.gif
part-head
http://uscode.house.gov/images/2012/t151278a.gif
http://uscode.house.gov/images/2012/t151278d.gif
</form></span></body>
left
http://uscode.house.gov/images/2015/t151278d.gif
http://uscode.house.gov/images/2003/t151278b.gif
viewheader
note-body-block-1em
http://uscode.house.gov/images/2009/t151278h.gif
http://uscode.house.gov/images/2002/t151278e.gif
http://uscode.house.gov/images/2011/t151278b.gif
http://uscode.house.gov/images/2013/t151278d.gif
<statute>
two-column-analysis-style-content-left
http://uscode.house.gov/images/1998/t151278b.gif
http://uscode.house.gov/images/2003/t151278f.gif
two-column-analysis-style-content-subitem-left
http://uscode.house.gov/images/1996/t151278d.gif
                var prev = function(event) { bindCode(event, 'V', 'j_idt30:formResults:prevResult')};
http://uscode.house.gov/images/2001/t151278h.gif
http://uscode.house.gov/images/uscprelim/t151278c.gif
http://uscode.house.gov/images/2004/t151278g.gif
http://uscode.house.gov/images/2005/t151278b.gif
http://uscode.house.gov/images/2006/t151278d.gif
http://uscode.house.gov/images/2011/t151278f.gif
http://uscode.house.gov/images/2000/t151278a.gif
http://uscode.house.gov/images/2012/t151278e.gif
http://uscode.house.gov/images/2012/t151278h.gif
http://uscode.house.gov/images/1997/t154402.gif
http://uscode.house.gov/images/1996/t151278h.gif
http://uscode.house.gov/images/2010/t151278h.gif
http://uscode.house.gov/images/2010/t151278d.gif
http://uscode.house.gov/images/2012/t151278f.gif
http://uscode.house.gov/images/2005/t151278d.gif
http://uscode.house.gov/images/2004/t151278e.gif
http://uscode.house.gov/images/2013/t151278b.gif
http://uscode.house.gov/images/2010/t151278f.gif
http://uscode.house.gov/images/2015/t151278e.gif
http://uscode.house.gov/images/2006/t151278h.gif
source-credit
http://uscode.house.gov/images/2000/t151278c.gif
italic-text-head
http://uscode.house.gov/images/2004/t151278f.gif
http://uscode.house.gov/images/1994/ 
http://uscode.house.gov/images/2009/t151278c.gif
http://uscode.house.gov/images/1998/t151278h.gif
http://uscode.house.gov/images/2002/t151278h.gif
right
http://uscode.house.gov/images/2003/t151278g.gif
no-cache,must-revalidate
http://uscode.house.gov/images/2001/t151278a.gif
http://uscode.house.gov/images/2013/t151278g.gif
/resources/fragments/olrcblurb.xhtml
http://uscode.house.gov/images/2010/t151278c.gif
http://uscode.house.gov/images/2000/t151278g.gif
                            select.selectedIndex=i;
http://uscode.house.gov/images/2011/t151278d.gif
http://uscode.house.gov/images/2006/t151278b.gif
futureamend-note-head
futureamend-note-body
analysis
http://uscode.house.gov/images/2008/t151278a.gif
http://uscode.house.gov/images/2009/t151278g.gif
http://uscode.house.gov/images/2007/t151278d.gif
                var next = function(event) { bindCode(event, 'v', 'j_idt30:formResults:nextResult')};
http://uscode.house.gov/images/2004/t151278c.gif
contextHeadline
                                links[i].style.background = 'yellow';
note-sub-head
http://uscode.house.gov/images/uscprelim/t151278a.gif
http://uscode.house.gov/images/2008/t151278f.gif
analysis-subhead
http://uscode.house.gov/images/2013/t151278e.gif
link_class
container
http://uscode.house.gov/images/1997/t151278d.gif
http://uscode.house.gov/images/2004/t151278d.gif
                        if (document.addEventListener) {
                    editionYear = documentYear;
http://uscode.house.gov/images/2002/t151278c.gif
note-body-flush0_hang1
http://uscode.house.gov/images/2008/t151278d.gif
http://uscode.house.gov/images/1997/t151278a.gif
note-body
http://uscode.house.gov/images/1996/t151278b.gif
http://uscode.house.gov/images/1996/t151278g.gif
http://uscode.house.gov/images/2004/t154402.gif
</select>
http://uscode.house.gov/images/2008/t154402.gif
row0col0
http://uscode.house.gov/images/2014/t151278d.gif
http://uscode.house.gov/images/2007/t151278c.gif
float:right; width: 150px; font-size: 12px;
http://uscode.house.gov/images/2009/t151278b.gif
http://uscode.house.gov/images/2013/t151278f.gif
http://uscode.house.gov/images/2002/t154402.gif
no-cache
http://uscode.house.gov/images/2011/t151278e.gif
j_idt30:formResults:versionsSel
http://uscode.house.gov/images/2007/t151278h.gif
http://uscode.house.gov/images/2002/t151278d.gif
http://uscode.house.gov/images/1994/
http://uscode.house.gov/images/2001/t151278b.gif
row1col0
                else if (document.attachEvent) {
float:left; width: 150px; text-align: left; font-size: 12px;
chapter-head
                        var prevS = function(event) { bindLink(event, 'S', 'frmNav:prevSection')};
http://uscode.house.gov/images/1997/t151278b.gif
text-align: center; visibility: hidden;
http://uscode.house.gov/images/2005/t151278e.gif
http://uscode.house.gov/images/2001/t151278d.gif
documentViewer
http://uscode.house.gov/images/2006/t154402.gif
http://uscode.house.gov/images/2001/t154402.gif
http://uscode.house.gov/images/1996/t151278f.gif
http://uscode.house.gov/images/2001/t151278c.gif
http://uscode.house.gov/images/2006/t151278c.gif
http://uscode.house.gov/images/1998/t154402.gif
note-body-flush2_hang3
analysis-head-left
centeraligned
note-body-1em
http://uscode.house.gov/images/2006/t151278f.gif
http://uscode.house.gov/images/2014/t151278h.gif
http://uscode.house.gov/images/2010/t151278b.gif
<?xml version='1.0' encoding='UTF-8' ?>
http://uscode.house.gov/images/2008/t151278g.gif
http://uscode.house.gov/images/2001/t151278g.gif
http://uscode.house.gov/images/2007/t151278e.gif
http://uscode.house.gov/images/2002/t151278g.gif
http://uscode.house.gov/images/1996/t151278a.gif
                // Set select's default option.
italic-text-para-2em
http://uscode.house.gov/images/2007/t151278f.gif
http://uscode.house.gov/images/2004/t151278h.gif
http://uscode.house.gov/images/1997/t151278h.gif
http://uscode.house.gov/images/1998/t151278a.gif
http://uscode.house.gov/images/2015/t151278c.gif
http://uscode.house.gov/images/2005/t151278a.gif
</statute>
-//W3C//DTD XHTML 1.0 Transitional//EN
http://uscode.house.gov/images/2003/t151278c.gif
http://uscode.house.gov/images/2015/t151278b.gif
note-head
http://uscode.house.gov/images/1999/t151278d.gif
http://uscode.house.gov/images/2009/t151278e.gif
viewheader_keyword
http://uscode.house.gov/images/2006/t151278a.gif
http://uscode.house.gov/images/2013/t151278a.gif
italic-text-para-1em
content
http://uscode.house.gov/images/1996/t151278e.gif
http://uscode.house.gov/images/2009/t151278f.gif
http://uscode.house.gov/images/2004/t151278b.gif
http://uscode.house.gov/images/2008/t151278c.gif
http://uscode.house.gov/images/2003/t151278a.gif
http://uscode.house.gov/images/2003/t151278e.gif
note-body-flush0_hang2
http://uscode.house.gov/images/1998/t151278e.gif
subchapter-head
http://uscode.house.gov/images/2003/t154402.gif
navigator
