§1. Office of Comptroller of the Currency
There shall be in the Department of the Treasury a bureau charged with the execution of all laws passed by Congress relating to the issue and regulation of a national currency secured by United States bonds and, under the general supervision of the Board of Governors of the Federal Reserve System, of all Federal Reserve notes, except for the cancellation and destruction, and accounting with respect to such cancellation and destruction, of Federal Reserve notes unfit for circulation, the chief officer of which bureau shall be called the Comptroller of the Currency, and shall perform his duties under the general directions of the Secretary of the Treasury. The Comptroller of the Currency shall have the same authority over matters within the jurisdiction of the Comptroller as the Director of the Office of Thrift Supervision has over matters within the Director's jurisdiction under section 1462a(b)(3) of this title. The Secretary of the Treasury may not delay or prevent the issuance of any rule or the promulgation of any regulation by the Comptroller of the Currency.

§2. Comptroller of the Currency; appointment; term
The Comptroller of the Currency shall be appointed by the President, by and with the advice and consent of the Senate, and shall hold his office for a term of five years unless sooner removed by the President, upon reasons to be communicated by him to the Senate.

§3. Oath of Comptroller
The Comptroller of the Currency shall, within fifteen days from the time of notice of his appointment, take and subscribe the oath of office.

§4. Deputy Comptrollers
The Secretary of the Treasury shall appoint no more than four Deputy Comptrollers of the Currency, one of whom shall be designated First Deputy Comptroller of the Currency, and shall fix their salaries. Each Deputy Comptroller shall take the oath of office and shall perform such duties as the Comptroller shall direct. During a vacancy in the office or during the absence or disability of the Comptroller, each Deputy Comptroller shall possess the power and perform the duties attached by law to the office of the Comptroller under such order of succession following the First Deputy Comptroller as the Comptroller shall direct.

§4a. Delegation of authority by Comptroller
The Comptroller of the Currency may delegate to any duly authorized employee, representative, or agent any power vested in the office by law.

§§5, 6. Repealed. Pub. L. 86–251, §1(b), (c)(1), Sept. 9, 1959, 73 Stat. 487, 488

§7. Chief of examining division
The Comptroller of the Currency may designate a national bank examiner to act as chief of the examining division in his office.

§8. Clerks
The Comptroller of the Currency shall employ, from time to time, the necessary clerks, to be appointed and classified by the Secretary of the Treasury, to discharge such duties as the comptroller shall direct.

§9. Additional examiners, clerks, and other employees
The Comptroller of the Currency is authorized to employ such additional examiners, clerks, and other employees as he deems necessary to carry out the provisions of sections 4, 6, 9, 10, 1151 to 1318, and 1322 of this title and to assign to duty in the office of his bureau in Washington such examiners and assistant examiners as he shall deem necessary to assist in the performance of the work of that bureau.

§9a. Repealed. Pub. L. 89–554, §8(a), Sept. 6, 1966, 80 Stat. 645

§10. Salaries of Deputy Comptrollers, examiners, and other employees as part of bank examination expenses
The salaries of the Deputy Comptrollers and of all national bank examiners and assistant examiners assigned to duty in the office of the bureau in Washington in connection with the supervision of national banks shall be considered part of the expenses of the examinations provided for by subchapter XV of chapter 3 of this title.

§11. Interest in national banks
It shall not be lawful for the Comptroller or the Deputy Comptroller of the Currency, either directly or indirectly, to be interested in any association issuing national currency under the laws of the United States.

§12. Seal of Comptroller
The seal devised by the Comptroller of the Currency for his office, and approved by the Secretary of the Treasury, shall continue to be the seal of office of the comptroller, and may be renewed when necessary. A description of the seal, with an impression thereof, and a certificate of approval by the Secretary of the Treasury, shall be filed in the office of the Secretary of State.

§13. Rooms for Currency Bureau
There shall be assigned, from time to time, to the Comptroller of the Currency, by the Secretary of the Treasury, suitable rooms in the Treasury Building for conducting the business of the Currency Bureau, containing safe and secure fireproof vaults, in which the Comptroller shall deposit and safely keep all the plates not necessarily in the possession of engravers or printers, and other valuable things belonging to his department; and the Comptroller shall from time to time furnish the necessary furniture, stationery, fuel, lights, and other proper conveniences for the transaction of the business of his office.

§14. Report of Comptroller
The Comptroller of the Currency shall make an annual report to Congress.

§15. Repealed. Aug. 7, 1946, ch. 770, §1(40, 50), 60 Stat. 869, 870

