§3331. Purpose
The purpose of this chapter is to provide that Federal financial and public policy interests in real estate related transactions will be protected by requiring that real estate appraisals utilized in connection with federally related transactions are performed in writing, in accordance with uniform standards, by individuals whose competency has been demonstrated and whose professional conduct will be subject to effective supervision.

§3332. Functions of Appraisal Subcommittee

(a) In general
The Appraisal Subcommittee shall—
(1) monitor the requirements established by States for the certification and licensing of individuals who are qualified to perform appraisals in connection with federally related transactions, including a code of professional responsibility;
(2) monitor the requirements established by the Federal financial institutions regulatory agencies and the Resolution Trust Corporation with respect to—
(A) appraisal standards for federally related transactions under their jurisdiction, and
(B) determinations as to which federally related transactions under their jurisdiction require the services of a State certified appraiser and which require the services of a State licensed appraiser;
(3) maintain a national registry of State certified and licensed appraisers who are eligible to perform appraisals in federally related transactions; and
(4) transmit an annual report to the Congress not later than January 31 of each year which describes the manner in which each function assigned to the Appraisal Subcommittee has been carried out during the preceding year.

(b) Monitoring and reviewing foundation
The Appraisal Subcommittee shall monitor and review the practices, procedures, activities, and organizational structure of the Appraisal Foundation.

§3333. Chairperson of Appraisal Subcommittee; term of Chairperson; meetings

(a) Chairperson
The Council shall select the Chairperson of the subcommittee. The term of the Chairperson shall be 2 years.

(b) Meetings; quorum; voting
The Appraisal Subcommittee shall meet at the call of the Chairperson or a majority of its members when there is business to be conducted. A majority of members of the Appraisal Subcommittee shall constitute a quorum but 2 or more members may hold hearings. Decisions of the Appraisal Subcommittee shall be made by the vote of a majority of its members.

§3334. Officers and staff
The Chairperson of the Appraisal Subcommittee shall appoint such officers and staff as may be necessary to carry out the functions of this chapter consistent with the appointment and compensation practices of the Council.

§3335. Powers of Appraisal Subcommittee
The Appraisal Subcommittee may, for the purpose of carrying out this chapter, establish advisory committees, hold hearings, sit and act at times and places, take testimony, receive evidence, provide information, and perform research, as the Appraisal Subcommittee considers appropriate.

§3336. Procedures for establishing appraisal standards and requiring use of certified and licensed appraisers
Appraisal standards and requirements for using State certified and licensed appraisers in federally related transactions pursuant to this chapter shall be prescribed in accordance with procedures set forth in section 553 of title 5, including the publication of notice and receipt of written comments or the holding of public hearings with respect to any standards or requirements proposed to be established.

§3337. Startup funding

(a) In general
For purposes of this chapter, the Secretary of the Treasury shall pay to the Appraisal Subcommittee a one-time payment of $5,000,000 on August 9, 1989. Thereafter, expenses of the subcommittee shall be funded through the collection of registry fees from certain certified and licensed appraisers pursuant to section 3338 of this title or, if required, pursuant to section 3351(b) 1 of this title.

(b) Additional funds
Except as provided in section 3351(b) 1 of this title, funds in addition to the funds provided under subsection (a) of this section may be made available to the Appraisal Subcommittee only if authorized and appropriated by law.

§3338. Roster of State certified or licensed appraisers; authority to collect and transmit fees

(a) In general
Each State with an appraiser certifying and licensing agency whose certifications and licenses comply with this chapter, shall—
(1) transmit to the Appraisal Subcommittee, no less than annually, a roster listing individuals who have received a State certification or license in accordance with this chapter; and
(2) collect from such individuals who perform or seek to perform appraisals in federally related transactions, an annual registry fee of not more than $25, such fees to be transmitted by the State agencies to the Council on an annual basis.
Subject to the approval of the Council, the Appraisal Subcommittee may adjust the dollar amount of registry fees, up to a maximum of $50 per annum, as necessary to carry out its functions under this chapter.

(b) Use of amounts appropriated or collected
Amounts appropriated for or collected by the Appraisal Subcommittee under this section shall be used—
(1) to maintain a registry of individuals who are qualified and eligible to perform appraisals in connection with federally related transactions;
(2) to support its activities under this chapter;
(3) to reimburse the general fund of the Treasury for amounts appropriated to and expended by the Appraisal Subcommittee during the 24-month startup period following August 9, 1989; and
(4) to make grants in such amounts as it deems appropriate to the Appraisal Foundation, to help defray those costs of the foundation relating to the activities of its Appraisal Standards and Appraiser Qualification Boards.

§3339. Functions of Federal financial institutions regulatory agencies relating to appraisal standards
Each Federal financial institutions regulatory agency and the Resolution Trust Corporation shall prescribe appropriate standards for the performance of real estate appraisals in connection with federally related transactions under the jurisdiction of each such agency or instrumentality. These rules shall require, at a minimum—
(1) that real estate appraisals be performed in accordance with generally accepted appraisal standards as evidenced by the appraisal standards promulgated by the Appraisal Standards Board of the Appraisal Foundation; and
(2) that such appraisals shall be written appraisals.
Each such agency or instrumentality may require compliance with additional standards if it makes a determination in writing that such additional standards are required in order to properly carry out its statutory responsibilities.

§3340. Time for proposal and adoption of standards
Appraisal standards established under this chapter shall be proposed not later than 6 months and shall be adopted in final form and become effective not later than 12 months after August 9, 1989.

§3341. Functions of Federal financial institutions regulatory agencies relating to appraiser qualifications

(a) In general
Each Federal financial institutions regulatory agency and the Resolution Trust Corporation shall prescribe, in accordance with sections 3342 and 3343 of this title, which categories of federally related transactions should be appraised by a State certified appraiser and which by a State licensed appraiser under this chapter.

(b) Threshold level
Each Federal financial institutions regulatory agency and the Resolution Trust Corporation may establish a threshold level at or below which a certified or licensed appraiser is not required to perform appraisals in connection with federally related transactions, if such agency determines in writing that such threshold level does not represent a threat to the safety and soundness of financial institutions.

(c) GAO study of appraisals in connection with real estate related financial transactions below threshold level

(1) Study required
At the end of the 18-month period, and the end of the 36-month period, beginning on October 28, 1992, the Comptroller General of the United States shall conduct a study on the adequacy and quality of appraisals or evaluations conducted in connection with real estate related financial transactions below the threshold level established under subsection (b) of this section, taking into account—
(A) the cost to any financial institution involved in any such transaction;
(B) the possibility of losses to the Bank Insurance Fund, the Savings Association Insurance Fund, or the National Credit Union Share Insurance Fund;
(C) the cost to any customer involved in any such transaction; and
(D) the effect on low-income housing.

(2) Reports to Congress and the appropriate Federal financial institutions regulatory agencies
Upon completing each of the studies required under paragraph (1), the Comptroller General shall submit a report on the Comptroller General's findings and conclusions with respect to such study to the Federal financial institutions regulatory agencies, the Committee on Banking, Finance and Urban Affairs of the House of Representatives, and the Committee on Banking, Housing, and Urban Affairs of the Senate, together with such recommendations for legislative or administrative action as the Comptroller General determines to be appropriate.

§3342. Transactions requiring services of State certified appraiser
In determining whether an appraisal in connection with a federally related transaction shall be performed by a State certified appraiser, an agency or instrumentality under this chapter shall consider whether transactions, either individually or collectively, are of sufficient financial or public policy importance to the United States that an individual who performs an appraisal in connection with such transactions should be a State certified appraiser, except that—
(1) a State certified appraiser shall be required for all federally related transactions having a value of $1,000,000 or more; and
(2) 1-to-4 unit, single family residential appraisals may be performed by State licensed appraisers unless the size and complexity requires a State certified appraiser.

§3343. Transactions requiring services of State licensed appraiser
All federally related transactions not requiring the services of a State certified appraiser shall be performed by either a State certified or licensed appraiser.

§3344. Time for proposal and adoption of rules
As appropriate, rules issued under sections 3342 and 3343 of this title shall be proposed not later than 6 months and shall be effective upon adoption in final form not later than 12 months after August 9, 1989.

§3345. Certification and licensing requirements

(a) In general
For purposes of this chapter, the term "State certified real estate appraiser" means any individual who has satisfied the requirements for State certification in a State or territory whose criteria for certification as a real estate appraiser currently meets the minimum criteria for certification issued by the Appraiser Qualification Board of the Appraisal Foundation.

(b) Restriction
No individual shall be a State certified real estate appraiser under this section unless such individual has achieved a passing grade upon a suitable examination administered by a State or territory that is consistent with and equivalent to the Uniform State Certification Examination issued or endorsed by the Appraiser Qualification Board of the Appraisal Foundation.

(c) "State licensed appraiser" defined
As used in this section, the term "State licensed appraiser" means an individual who has satisfied the requirements for State licensing in a State or territory.

(d) Additional qualification criteria
Nothing in this chapter shall be construed to prevent any Federal agency or instrumentality under this chapter from establishing such additional qualification criteria as may be necessary or appropriate to carry out the statutory responsibilities of such department, agency, or instrumentality.

(e) Authority of Appraisal Subcommittee
The Appraisal Subcommittee shall not set qualifications or experience requirements for the States in licensing real estate appraisers, including a de minimus 1 standard. Recommendations of the Subcommittee shall be nonbinding on the States.

§3346. Establishment of State appraiser certifying and licensing agencies
To assure the availability of State certified and licensed appraisers for the performance in a State of appraisals in federally related transactions and to assure effective supervision of the activities of certified and licensed appraisers, a State may establish a State appraiser certifying and licensing agency.

§3347. Monitoring of State appraiser certifying and licensing agencies

(a) In general
The Appraisal Subcommittee shall monitor State appraiser certifying and licensing agencies for the purpose of determining whether a State agency's policies, practices, and procedures are consistent with this chapter. The Appraisal Subcommittee and all agencies, instrumentalities, and federally recognized entities under this chapter shall not recognize appraiser certifications and licenses from States whose appraisal policies, practices, or procedures are found to be inconsistent with this chapter.

(b) Disapproval by Appraisal Subcommittee
The Federal financial institutions, regulatory agencies, the Federal National Mortgage Association, the Federal Home Loan Mortgage Corporation, and the Resolution Trust Corporation shall accept certifications and licenses awarded by a State appraiser certifying the licensing agency unless the Appraisal Subcommittee issues a written finding that—
(1) the State agency fails to recognize and enforce the standards, requirements, and procedures prescribed pursuant to this chapter;
(2) the State agency is not granted authority by the State which is adequate to permit the agency to carry out its functions under this chapter; or
(3) decisions concerning appraisal standards, appraiser qualifications and supervision of appraiser practices are not made in a manner that carries out the purposes of this chapter.

(c) Rejection of State certifications and licenses

(1) Opportunity to be heard or correct conditions
Before refusing to recognize a State's appraiser certifications or licenses, the Appraisal Subcommittee shall provide that State's certifying and licensing agency a written notice of its intention not to recognize the State's certified or licensed appraisers and ample opportunity to provide rebuttal information or to correct the conditions causing the refusal.

(2) Adoption of procedures
The Appraisal Subcommittee shall adopt written procedures for taking actions described in this section.

(3) Judicial review
A decision of the subcommittee under this section shall be subject to judicial review.

§3348. Recognition of State certified and licensed appraisers for purposes of this chapter

(a) Effective date for use of certified or licensed appraisers only

(1) In general
Not later than December 31, 1992, all appraisals performed in connection with federally related transactions shall be performed only by individuals certified or licensed in accordance with the requirements of this chapter.

(2) Extension of effective date
Subject to the approval of the council, the Appraisal Subcommittee may extend, until December 31, 1991, the effective date for the use of certified or licensed appraisers if it makes a written finding that a State has made substantial progress in establishing a State certification and licensing system that appears to conform to the provisions of this chapter.

(b) Temporary waiver of appraiser certification or licensing requirements for State having scarcity of qualified appraisers
Subject to the approval of the Council, the Appraisal Subcommittee may waive any requirement relating to certification or licensing of a person to perform appraisals under this chapter if the Appraisal Subcommittee or a State agency whose certifications and licenses are in compliance with this chapter, makes a written determination that there is a scarcity of certified or licensed appraisers to perform appraisals in connection with federally related transactions in a State, or in any geographical political subdivision of a State, leading to significant delays in the performance of such appraisals. The waiver terminates when the Appraisal Subcommittee determines that such significant delays have been eliminated.

(c) Reports to State certifying and licensing agencies
The Appraisal Subcommittee, any other Federal agency or instrumentality, or any federally recognized entity shall report any action of a State certified or licensed appraiser that is contrary to the purposes of this chapter, to the appropriate State agency for a disposition of the subject of the referral. The State agency shall provide the Appraisal Subcommittee or the other Federal agency or instrumentality with a report on its disposition of the matter referred. Subsequent to such disposition, the subcommittee or the agency or instrumentality may take such further action, pursuant to written procedures, it deems necessary to carry out the purposes of this chapter.

§3349. Violations in obtaining and performing appraisals in federally related transactions

(a) Violations
Except as authorized by the Appraisal Subcommittee in exercising its waiver authority pursuant to section 3348(b) of this title, it shall be a violation of this section—
(1) for a financial institution to seek, obtain, or give money or any other thing of value in exchange for the performance of an appraisal by a person who the institution knows is not a State certified or licensed appraiser in connection with a federally related transaction; and
(2) for the Federal National Mortgage Association, the Federal Home Loan Mortgage Corporation, or the Resolution Trust Corporation to knowingly contract for the performance of any appraisal by a person who is not a State certified or licensed appraiser in connection with a real estate related financial transaction defined in section 3350(5) of this title to which such association or corporation is a party.

(b) Penalties
A financial institution that violates subsection (a)(1) of this section shall be subject to civil penalties under section 1818(i)(2) of this title or section 1786(k)(2) of this title, as appropriate.

(c) Proceeding
A proceeding with respect to a violation of this section shall be an administrative proceeding which may be conducted by a Federal financial institutions regulatory agency in accordance with the procedures set forth in subchapter II of chapter 5 of title 5.

§3350. Definitions
For purposes of this chapter:

(1) State appraiser certifying and licensing agency
The term "State appraiser certifying and licensing agency" means a State agency established in compliance with this chapter.

(2) Appraisal Subcommittee; subcommittee
The terms "Appraisal Subcommittee" and "subcommittee" mean the Appraisal Subcommittee of the Federal Financial Institutions Examination Council.

(3) Council
The term "Council" means the Federal Financial Institutions Examinations Council.

(4) Federally related transaction
The term "federally related transaction" means any real estate-related financial transaction which—
(A) a federal financial institutions regulatory agency or the Resolution Trust Corporation engages in, contracts for, or regulates; and
(B) requires the services of an appraiser.

(5) Real estate related financial transaction
The term "real estate-related financial transaction" means any transaction involving—
(A) the sale, lease, purchase, investment in or exchange of real property, including interests in property, or the financing thereof;
(B) the refinancing of real property or interests in real property; and
(C) the use of real property or interests in property as security for a loan or investment, including mortgage-backed securities.

(6) Federal financial institutions regulatory agencies
The term "Federal financial institutions regulatory agencies" means the Board of Governors of the Federal Reserve System, the Federal Deposit Insurance Corporations, the Office of the Comptroller of the Currency, the Office of Thrift Supervision, and the National Credit Union Administration.

(7) Financial institution
The term "financial institution" means an insured depository institution as defined in section 1813 of this title or an insured credit union as defined in section 1752 of this title.

(8) Chairperson
The term "Chairperson" means the Chairperson of the Appraisal Subcommittee selected by the council.1

(9) Foundation
The terms "Appraisal Foundation" and "Foundation" means the Appraisal Foundation established on November 30, 1987, as a not for profit corporation under the laws of Illinois.

(10) Written appraisal
The term "written appraisal" means a written statement used in connection with a federally related transaction that is independently and impartially prepared by a licensed or certified appraiser setting forth an opinion of defined value of an adequately described property as of a specific date, supported by presentation and analysis of relevant market information.

§3351. Miscellaneous provisions

(a) Temporary practice

(1) In general
A State appraiser certifying or licensing agency shall recognize on a temporary basis the certification or license of an appraiser issued by another State if—
(A) the property to be appraised is part of a federally related transaction,
(B) the appraiser's business is of a temporary nature, and
(C) the appraiser registers with the appraiser certifying or licensing agency in the State of temporary practice.

(2) Fees for temporary practice
A State appraiser certifying or licensing agency shall not impose excessive fees or burdensome requirements, as determined by the Appraisal Subcommittee, for temporary practice under this subsection.

(b) Reciprocity
The Appraisal Subcommittee shall encourage the States to develop reciprocity agreements that readily authorize appraisers who are licensed or certified in one State (and who are in good standing with their State appraiser certifying or licensing agency) to perform appraisals in other States.

(c) Supplemental funding
Funds available to the Federal financial institutions regulatory agencies may be made available to the Federal Financial Institutions Examination Council to support the council's 1 functions under this chapter.

(d) Prohibition against discrimination
Criteria established by the Federal financial institutions regulatory agencies, the Federal National Mortgage Association, the Federal Home Loan Mortgage Corporation, and the Resolution Trust Corporation for appraiser qualifications in addition to State certification or licensing shall not exclude a certified or licensed appraiser for consideration for an assignment solely by virtue of membership or lack of membership in any particular appraisal organization.

(e) Other requirements
A corporation, partnership, or other business entity may provide appraisal services in connection with federally related transactions if such appraisal is prepared by individuals certified or licensed in accordance with the requirements of this chapter. An individual who is not a State certified or licensed appraiser may assist in the preparation of an appraisal if—
(1) the assistant is under the direct supervision of a licensed or certified individual; and
(2) the final appraisal document is approved and signed by an individual who is certified or licensed.

(f) Studies

(1) Study
The Appraisal Subcommittee shall—
(A) conduct a study to determine whether real estate sales and financing information and data that is available to real estate appraisers in the States is sufficient to permit appraisers to properly estimate the values of properties in connection with federally related transactions; and
(B) study the feasibility and desirability of extending the provisions of this chapter to the function of personal property appraising and to personal property appraisers in connection with Federal financial and public policy interests.

(2) Report
The Appraisal Subcommittee shall—
(A) report its findings to the Congress with respect to the study described in paragraph (1)(A) no later than 12 months after August 9, 1989, and
(B) report its findings with respect to the study described in paragraph (1)(B) to Congress not later than 18 months after August 9, 1989.

§3352. Emergency exceptions for disaster areas

(a) In general
Each Federal financial institutions regulatory agency may, by regulation or order, make exceptions to this chapter, and to standards prescribed pursuant to this chapter, for transactions involving institutions for which the agency is the primary Federal regulator with respect to real property located within a disaster area if the agency—
(1) makes the exception not later than 30 months after the date on which the President determines, pursuant to section 5170 of title 42, that a major disaster exists in the area; and
(2) determines that the exception—
(A) would facilitate recovery from the major disaster; and
(B) is consistent with safety and soundness.

(b) 3-year limit on exceptions
Any exception made under this section shall expire not later than 3 years after the date of the determination referred to in subsection (a)(1) of this section.

(c) Publication required
Any Federal financial institutions regulatory agency shall publish in the Federal Register a statement that—
(1) describes any exception made under this section; and
(2) explains how the exception—
(A) would facilitate recovery from the major disaster; and
(B) is consistent with safety and soundness.

(d) "Disaster area" defined
For purposes of this section, the term "disaster area" means an area in which the President, pursuant to section 5170 of title 42, has determined that a major disaster exists.

