§1331. Congressional declaration of policy and purpose
It is the policy of the Congress, and the purpose of this chapter, to establish a comprehensive Federal Program to deal with cigarette labeling and advertising with respect to any relationship between smoking and health, whereby—
(1) the public may be adequately informed about any adverse health effects of cigarette smoking by inclusion of warning notices on each package of cigarettes and in each advertisement of cigarettes; and
(2) commerce and the national economy may be (A) protected to the maximum extent consistent with this declared policy and (B) not impeded by diverse, nonuniform, and confusing cigarette labeling and advertising regulations with respect to any relationship between smoking and health.

§1332. Definitions
As used in this chapter—
(1) The term "cigarette" means—
(A) any roll of tobacco wrapped in paper or in any substance not containing tobacco, and
(B) any roll of tobacco wrapped in any substance containing tobacco which, because of its appearance, the type of tobacco used in the filler, or its packaging and labeling, is likely to be offered to, or purchased by, consumers as a cigarette described in subparagraph (A).
(2) The term "commerce" means (A) commerce between any State, the District of Columbia, the Commonwealth of Puerto Rico, Guam, the Virgin Islands, American Samoa, Wake Island, Midway Islands, Kingman Reef, or Johnston Island and any place outside thereof; (B) commerce between points in any state, the District of Columbia, the Commonwealth of Puerto Rico, Guam, the Virgin Islands, American Samoa, Wake Island, Midway Islands, Kingman Reef, or Johnston Island, but through any place outside thereof; or (C) commerce wholly within the District of Columbia, Guam, the Virgin Islands, American Samoa, Wake Island, Midway Islands, Kingman Reef, or Johnston Island.
(3) The term "United States", when used in a geographical sense, includes the several States, the District of Columbia, the Commonwealth of Puerto Rico, Guam, the Virgin Islands, American Samoa, Wake Island, Midway Islands, Kingman Reef, and Johnston Island. The term "State" includes any political division of any State.
(4) The term "package" means a pack, box, carton, or container of any kind in which cigarettes are offered for sale, sold, or otherwise distributed to consumers.
(5) The term "person" means an individual, partnership, corporation, or any other business or legal entity.
(6) The term "sale or distribution" includes sampling or any other distribution not for sale.
(7) The term "little cigar" means any roll of tobacco wrapped in leaf tobacco or any substance containing tobacco (other than any roll of tobacco which is a cigarette within the meaning of subsection (1)) and as to which one thousand units weigh not more than three pounds.
(8) The term "brand style" means a variety of cigarettes distinguished by the tobacco used, tar and nicotine content, flavoring used, size of the cigarette, filtration on the cigarette, or packaging.
(9) The term "Secretary" means the Secretary of Health and Human Services.

§1333. Labeling; requirements; conspicuous statement

(a) Required warnings; packages; advertisements; billboards
(1) It shall be unlawful for any person to manufacture, package, or import for sale or distribution within the United States any cigarettes the package of which fails to bear, in accordance with the requirements of this section, one of the following labels:
SURGEON GENERAL'S WARNING: Smoking Causes Lung Cancer, Heart Disease, Emphysema, And May Complicate Pregnancy.
SURGEON GENERAL'S WARNING: Quitting Smoking Now Greatly Reduces Serious Risks to Your Health.
SURGEON GENERAL'S WARNING: Smoking By Pregnant Women May Result in Fetal Injury, Premature Birth, And Low Birth Weight.
SURGEON GENERAL'S WARNING: Cigarette Smoke Contains Carbon Monoxide.
(2) It shall be unlawful for any manufacturer or importer of cigarettes to advertise or cause to be advertised (other than through the use of outdoor billboards) within the United States any cigarette unless the advertising bears, in accordance with the requirements of this section, one of the following labels:
SURGEON GENERAL'S WARNING: Smoking Causes Lung Cancer, Heart Disease, Emphysema, And May Complicate Pregnancy.
SURGEON GENERAL'S WARNING: Quitting Smoking Now Greatly Reduces Serious Risks to Your Health.
SURGEON GENERAL'S WARNING: Smoking By Pregnant Women May Result in Fetal Injury, Premature Birth, And Low Birth Weight.
SURGEON GENERAL'S WARNING: Cigarette Smoke Contains Carbon Monoxide.
(3) It shall be unlawful for any manufacturer or importer of cigarettes to advertise or cause to be advertised within the United States through the use of outdoor billboards any cigarette unless the advertising bears, in accordance with the requirements of this section, one of the following labels:
SURGEON GENERAL'S WARNING: Smoking Causes Lung Cancer, Heart Disease, And Emphysema.
SURGEON GENERAL'S WARNING: Quitting Smoking Now Greatly Reduces Serious Health Risks.
SURGEON GENERAL'S WARNING: Pregnant Women Who Smoke Risk Fetal Injury And Premature Birth.
SURGEON GENERAL'S WARNING: Cigarette Smoke Contains Carbon Monoxide.

(b) Conspicuous statement; label statement format; outdoor billboard statement format
(1) Each label statement required by paragraph (1) of subsection (a) of this section shall be located in the place label statements were placed on cigarette packages as of October 12, 1984. The phrase "Surgeon General's Warning" shall appear in capital letters and the size of all other letters in the label shall be the same as the size of such letters as of October 12, 1984. All the letters in the label shall appear in conspicuous and legible type in contrast by typography, layout, or color with all other printed material on the package.
(2) The format of each label statement required by paragraph (2) of subsection (a) of this section shall be the format required for label statements in cigarette advertising as of October 12, 1984, except that the phrase "Surgeon General's Warning" shall appear in capital letters, the area of the rectangle enclosing the label shall be 50 per centum larger in size with a corresponding increase in the size of the type in the label, the width of the rule forming the border around the label shall be twice that in effect on October 12, 1984, and the label may be placed at a distance from the outer edge of the advertisement which is one-half the distance permitted on October 12, 1984. Each label statement shall appear in conspicuous and legible type in contrast by typography, layout, or color with all other printed material in the advertisement.
(3) The format and type style of each label statement required by paragraph (3) of subsection (a) of this section shall be the format and type style required in outdoor billboard advertising as of October 12, 1984. Each such label statement shall be printed in capital letters of the height of the tallest letter in a label statement on outdoor advertising of the same dimension on October 12, 1984. Each such label statement shall be enclosed by a black border which is located within the perimeter of the format required in outdoor billboard advertising of the same dimension on October 12, 1984, and the width of which is twice the width of the vertical element of any letter in the label statement within the border.

(c) Rotation of label statement; plan; submission to Federal Trade Commission
(1) Except as provided in paragraph (2), the label statements specified in paragraphs (1), (2), and (3) of subsection (a) of this section shall be rotated by each manufacturer or importer of cigarettes quarterly in alternating sequence on packages of each brand of cigarettes manufactured by the manufacturer or importer and in the advertisements for each such brand of cigarettes in accordance with a plan submitted by the manufacturer or importer and approved by the Federal Trade Commission. The Federal Trade Commission shall approve a plan submitted by a manufacturer or importer of cigarettes which will provide the rotation required by this subsection and which assures that all of the labels required by paragraphs (1), (2), and (3) will be displayed by the manufacturer or importer at the same time.
(2)(A) A manufacturer or importer of cigarettes may apply to the Federal Trade Commission to have the label rotation described in subparagraph (C) apply with respect to a brand style of cigarettes manufactured or imported by such manufacturer or importer if—
(i) the number of cigarettes of such brand style sold in the fiscal year of the manufacturer or importer preceding the submission of the application is less than one-fourth of 1 percent of all the cigarettes sold in the United States in such year, and
(ii) more than one-half of the cigarettes manufactured or imported by such manufacturer or importer for sale in the United States are packaged into brand styles which meet the requirements of clause (i).
If an application is approved by the Commission, the label rotation described in subparagraph (C) shall apply with respect to the applicant during the one-year period beginning on the date of the application approval.
(B) An applicant under subparagraph (A) shall include in its application a plan under which the label statements specified in paragraph (1) of subsection (a) of this section will be rotated by the applicant manufacturer or importer in accordance with the label rotation described in subparagraph (C).
(C) Under the label rotation which a manufacturer or importer with an approved application may put into effect each of the labels specified in paragraph (1) of subsection (a) of this section shall appear on the packages of each brand style of cigarettes with respect to which the application was approved an equal number of times within the twelve-month period beginning on the date of the approval by the Commission of the application.

(d) Application; distributors; retailers
Subsection (a) of this section does not apply to a distributor or a retailer of cigarettes who does not manufacture, package, or import cigarettes for sale or distribution within the United States.

§1334. Preemption

(a) Additional statements
No statement relating to smoking and health, other than the statement required by section 1333 of this title, shall be required on any cigarette package.

(b) State regulations
No requirement or prohibition based on smoking and health shall be imposed under State law with respect to the advertising or promotion of any cigarettes the packages of which are labeled in conformity with the provisions of this chapter.

§1335. Unlawful advertisements on medium of electronic communication
After January 1, 1971, it shall be unlawful to advertise cigarettes and little cigars on any medium of electronic communication subject to the jurisdiction of the Federal Communications Commission.

§1335a. List of cigarette ingredients; annual submission to Secretary; transmittal to Congress; confidentiality
(a) Each person who manufactures, packages, or imports cigarettes shall annually provide the Secretary with a list of the ingredients added to tobacco in the manufacture of cigarettes which does not identify the company which uses the ingredients or the brand of cigarettes which contain the ingredients. A person or group of persons required to provide a list by this subsection may designate an individual or entity to provide the list required by this subsection.
(b)(1) At such times as the Secretary considers appropriate, the Secretary shall transmit to the Congress a report, based on the information provided under subsection (a) of this section, respecting—
(A) a summary of research activities and proposed research activities on the health effects of ingredients added to tobacco in the manufacture of cigarettes and the findings of such research;
(B) information pertaining to any such ingredient which in the judgement 1 of the Secretary poses a health risk to cigarette smokers; and
(C) any other information which the Secretary determines to be in the public interest.
(2)(A) Any information provided to the Secretary under subsection (a) of this section shall be treated as trade secret or confidential information subject to section 552(b)(4) of title 5 and section 1905 of title 18 and shall not be revealed, except as provided in paragraph (1), to any person other than those authorized by the Secretary in carrying out their official duties under this section.
(B) Subparagraph (A) does not authorize the withholding of a list provided under subsection (a) of this section from any duly authorized subcommittee or committee of the Congress. If a subcommittee or committee of the Congress requests the Secretary to provide it such a list, the Secretary shall make the list available to the subcommittee or committee and shall, at the same time, notify in writing the person who provided the list of such request.
(C) The Secretary shall establish written procedures to assure the confidentiality of information provided under subsection (a) of this section. Such procedures shall include the designation of a duly authorized agent to serve as custodian of such information. The agent—
(i) shall take physical possession of the information and, when not in use by a person authorized to have access to such information, shall store it in a locked cabinet or file, and
(ii) shall maintain a complete record of any person who inspects or uses the information.
Such procedures shall require that any person permitted access to the information shall be instructed in writing not to disclose the information to anyone who is not entitled to have access to the information.

§1336. Authority of Federal Trade Commission; unfair or deceptive acts or practices
Nothing in this chapter (other than the requirements of section 1333 of this title) shall be construed to limit, restrict, expand, or otherwise affect the authority of the Federal Trade Commission with respect to unfair or deceptive acts or practices in the advertising of cigarettes.

§1337. Reports to Congress by the Secretary and Federal Trade Commission
(a) The Secretary shall transmit a report to the Congress not later than January 1, 1971, and annually thereafter, concerning (1) current information in the health consequences of smoking, and (2) such recommendations for legislation as he may deem appropriate.
(b) The Federal Trade Commission shall transmit a report to the Congress not later than January 1, 1971, and annually thereafter, concerning (1) current practices and methods of cigarette advertising and promotion, and (2) such recommendations for legislation as it may deem appropriate.

§1338. Criminal penalty
Any person who violates the provisions of this chapter shall be guilty of a misdemeanor and shall on conviction thereof be subject to a fine of not more than $10,000.

§1339. Injunction proceedings
The several district courts of the United States are invested with jurisdiction, for cause shown, to prevent and restrain violations of this chapter upon the application of the Attorney General of the United States acting through the several United States attorneys in their several districts.

§1340. Cigarettes for export
Packages of cigarettes manufactured, imported, or packaged (1) for export from the United States or (2) for delivery to a vessel or aircraft, as supplies, for consumption beyond the jurisdiction of the internal revenue laws of the United States shall be exempt from the requirements of this chapter, but such exemptions shall not apply to cigarettes manufactured, imported, or packaged for sale or distribution to members or units of the Armed Forces of the United States located outside of the United States.

§1341. Smoking, research, education and information

(a) Establishment of program; Secretary; functions
The Secretary of Health and Human Services (hereinafter in this section referred to as the "Secretary") shall establish and carry out a program to inform the public of any dangers to human health presented by cigarette smoking. In carrying out such program, the Secretary shall—
(1) conduct and support research on the effect of cigarette smoking on human health and develop materials for informing the public of such effect;
(2) coordinate all research and educational programs and other activities within the Department of Health and Human Services (hereinafter in this section referred to as the "Department") which relate to the effect of cigarette smoking on human health and coordinate, through the Interagency Committee on Smoking and Health (established under subsection (b) of this section), such activities with similar activities of other Federal agencies and of private agencies;
(3) establish and maintain a liaison with appropriate private entities, other Federal agencies, and State and local public agencies respecting activities relating to the effect of cigarette smoking on human health;
(4) collect, analyze, and disseminate (through publications, bibliographies, and otherwise) information, studies, and other data relating to the effect of cigarette smoking on human health, and develop standards, criteria, and methodologies for improved information programs related to smoking and health;
(5) compile and make available information on State and local laws relating to the use and consumption of cigarettes; and
(6) undertake any other additional information and research activities which the Secretary determines necessary and appropriate to carry out this section.

(b) Interagency Committee on Smoking and Health; composition; chairman; compensation; staffing and other assistance
(1) To carry out the activities described in paragraphs (2) and (3) of subsection (a) of this section there is established an Interagency Committee on Smoking and Health. The Committee shall be composed of—
(A) members appointed by the Secretary from appropriate institutes and agencies of the Department, which may include the National Cancer Institute, the National Heart, Lung, and Blood Institute, the National Institute of Child Health and Human Development, the National Institute on Drug Abuse, the Health Resources and Services Administration, and the Centers for Disease Control and Prevention;
(B) at least one member appointed from the Federal Trade Commission, the Department of Education, the Department of Labor, and any other Federal agency designated by the Secretary, the appointment of whom shall be made by the head of the entity from which the member is appointed; and
(C) five members appointed by the Secretary from physicians and scientists who represent private entities involved in informing the public about the health effects of smoking.
The Secretary shall designate the chairman of the Committee.
(2) While away from their homes or regular places of business in the performance of services for the Committee, members of the Committee shall be allowed travel expenses, including per diem in lieu of subsistance,1 in the manner provided by sections 5702 and 5703 of title 5.
(3) The Secretary shall make available to the Committee such staff, information, and other assistance as it may require to carry out its activities effectively.

(c) Report to Congress; contents
The Secretary shall transmit a report to Congress not later than January 1, 1986, and biennially thereafter which shall contain—
(1) an overview and assessment of Federal activities undertaken to inform the public of the health consequences of smoking and the extent of public knowledge of such consequences,
(2) a description of the Secretary's and Committee's activities under subsection (a) of this section,
(3) information regarding the activities of the private sector taken in response to the effects of smoking on health, and
(4) such recommendations as the Secretary may consider appropriate.

