§1501. Establishment of Department; Secretary; seal
There shall be at the seat of government an executive department to be known as the Department of Commerce, and a Secretary of Commerce, who shall be the head thereof, who shall be appointed by the President, by and with the advice and consent of the Senate, and whose term and tenure of office shall be like that of the heads of the other executive departments; and the provisions of title 4 of the Revised Statutes, including all amendments thereto, shall be applicable to said department. The said Secretary shall cause a seal of office to be made for the said department of such device as the President shall approve, and judicial notice shall be taken of the said seal.

§§1502, 1503. Omitted

§1503a. Under Secretary of Commerce for Economic Affairs
There shall be in the Department of Commerce an Under Secretary of Commerce for Economic Affairs who shall be appointed by the President by and with the advice and consent of the Senate. The Under Secretary shall perform such duties as the Secretary of Commerce shall prescribe.

§1503b. Under Secretary of Commerce for Oceans and Atmosphere; duties; appointment; compensation
There shall be in the Department of Commerce an Under Secretary of Commerce for Oceans and Atmosphere who shall serve as the Administrator of the National Oceanic and Atmospheric Administration established by Reorganization Plan No. 4 of 1970 [5 U.S.C. App.] and perform such duties as the Secretary of Commerce shall prescribe. The Under Secretary shall be appointed by the President by and with the advice and consent of the Senate and shall be compensated at the rate now or hereafter provided for Level III of the Executive Schedule Pay Rates (5 U.S.C. 5314).

§1504. Repealed. Pub. L. 97–195, §1(c)(1), June 16, 1982, 96 Stat. 115

§1505. Additional Assistant Secretary; duties, rank of Assistant Secretaries
There shall be in the Department of Commerce one additional Assistant Secretary of Commerce, who shall be appointed by the President, by and with the advice and consent of the Senate. The Secretary of Commerce may assign to his Assistant Secretaries such duties, including the direction of the Bureau of Foreign and Domestic Commerce, as he shall prescribe, or may be required by law. The Assistant Secretaries of Commerce shall be without numerical distinction of rank.

§1506. Additional Assistant Secretary; appointment; applicability of section 1505
There shall be on and after July 2, 1954 in the Department of Commerce, in addition to the Assistant Secretaries now provided for by law, one additional Assistant Secretary of Commerce, who shall be appointed by the President by and with the advice and consent of the Senate, and who shall be subject in all respects to the provisions of section 1505 of this title, relating to Assistant Secretaries of Commerce.

§1507. Additional Assistant Secretary; appointment; compensation; duties
There shall be in the Department of Commerce, in addition to the Assistant Secretaries now provided by law, one additional Assistant Secretary of Commerce who shall be appointed by the President by and with the advice and consent of the Senate, shall receive compensation at the rate prescribed by law for Assistant Secretaries of Commerce, and shall perform such duties as the Secretary of Commerce shall prescribe.

§1507a. Repealed. Pub. L. 97–31, §12(5), Aug. 6, 1981, 95 Stat. 154

§1507b. Assistant Secretary of Commerce; appointment; compensation; duties
There shall be in the Department of Commerce, in addition to the Assistant Secretaries provided by law as of November 12, 1977, one additional Assistant Secretary of Commerce who shall be appointed by the President, by and with the advice and consent of the Senate. Such Assistant Secretary shall perform such duties as the Secretary of Commerce shall prescribe.

§1507c. Assistant Secretary of Commerce for Oceans and Atmosphere; duties; appointment; compensation
There shall be in the Department of Commerce, in addition to the Assistant Secretaries of Commerce provided by law before November 14, 1986, one additional Assistant Secretary of Commerce who shall have the title Assistant Secretary of Commerce for Oceans and Atmosphere and shall serve as the Deputy Administrator of the National Oceanic and Atmospheric Administration established by Reorganization Plan No. 4 of 1970 [5 U.S.C. App.] and perform such duties and functions as the Under Secretary of Commerce for Oceans and Atmosphere shall prescribe. The Assistant Secretary for Oceans and Atmosphere shall be appointed by the President by and with the advice and consent of the Senate and shall be compensated at the rate now or hereafter provided for Level IV of the Executive Schedule Pay Rates (5 U.S.C. 5315).

§1508. General Counsel
There shall be in the Department of Commerce a General Counsel, who shall be appointed by the President, by and with the advice and consent of the Senate.

§1509. Designation of officer to sign routine papers
The Secretary may designate an officer of the Department to sign minor routine official papers and documents during the temporary absence of the Secretary, the Under Secretary, and the Assistant Secretaries of the Department.

§1510. Clerical assistants
There shall also be such clerical assistants as may from time to time be authorized by the Congress.

§1511. Bureaus in Department
The following named bureaus, administrations, services, offices, and programs of the public service, and all that pertains thereto, shall be under the jurisdiction and subject to the control of the Secretary of Commerce:
(a) National Oceanic and Atmospheric Administration;
(b) United States Travel and Tourism Administration;
(c) National Institute of Standards and Technology;
(d) Patent and Trademark Office;
(e) Bureau of the Census;
(f) United States Fire Administration; and
(g) such other bureaus or other organizational units as the Secretary of Commerce may from time to time establish in accordance with law.

§1511a. Repealed. Pub. L. 95–219, §3(a)(2), Dec. 28, 1977, 91 Stat. 1613

§1511b. United States fishery trade officers

(a) Appointment
For purposes of carrying out export promotion and other fishery development responsibilities, the Secretary of Commerce (hereinafter in this section referred to as the “Secretary”) shall appoint not fewer than six officers who shall serve abroad to promote United States fishing interests. These officers shall be knowledgeable about the United States fishing industry, preferably with experience derived from the harvesting, processing, or marketing sectors of the industry or from the administration of fisheries programs. Such officers, who shall be employees of the Department of Commerce, shall have the designation of fishery trade officers.

(b) Assignment
Upon the request of the Secretary, the Secretary of State shall officially assign fishery trade officers to such diplomatic missions of the United States as the Secretary designates (three of which shall be those in Brussels, Belgium; Rome, Italy; and Tokyo, Japan) and shall obtain for them diplomatic privileges and immunities equivalent to those enjoyed by foreign service personnel of comparable rank and salary.

(c) Functions of fishery trade officers
The functions of fishery trade officers appointed under subsection (a) of this section shall be—
(1) to increase the effectiveness of United States fishery export promotion efforts through such activities as the coordination of market development efforts and the provision of services and facilities for exporters of United States fishery products;
(2) to develop, maintain, and make available to interested persons listings of (A) trade, government, and other organizations that are concerned with, or have an interest in, international trade in United States fishery products, and (B) United States fishery products available for such trade;
(3) to prepare quarterly reports regarding (A) the supply, demand, and prices of each United States fishery product exported, or for which there may be export potential, to the foreign nation or area concerned, and (B) the trade barriers or incentives of such nation or area that affect imports of such products;
(4) to prepare weekly statements regarding the prices for each fishery product for which there may be United States export potential to the foreign nation or area concerned; and
(5) to carry out such other functions as the Secretary may require.

(d) Administration
The Secretary of State and the Secretary shall enter into cooperative arrangements concerning the provision of office space, equipment, facilities, clerical services, and such other administrative support as may be required for fishery trade officers and their families.

§1511c. Estuarine Programs Office

(a) Establishment
The Administrator of the National Oceanic and Atmospheric Administration (hereinafter in this section referred to as the “Administrator”) shall establish within the Administration an Estuarine Programs Office.

(b) Functions
The Estuarine Programs Office shall—
(1) develop and implement a national estuarine strategy for the Administration that integrates the research, regulatory, and trusteeship responsibilities of the Administration;
(2) coordinate the estuarine activities of the various organizations within the Administration, including activities in estuarine research and assessment, fisheries research, coastal management, and habitat conservation;
(3) coordinate the estuarine activities of the Administration with the activities of other Federal and State agencies; and
(4) provide technical assistance to the Administrator, to other Federal agencies, and to State and local government agencies in—
(A) assessing the condition of estuaries;
(B) identifying estuaries of critical national or regional importance;
(C) identifying technical and management alternatives for the restoration and protection of estuarine resources; and
(D) monitoring the implementation and effectiveness of estuarine management plans.

(c) Authorization
There are authorized to be appropriated to the Administration not to exceed $500,000 for fiscal year 1987, $530,000 for fiscal year 1988, $560,000 for fiscal year 1989, and $600,000 for fiscal year 1990 to carry out the provisions of this section.

§1511d. Chesapeake Bay Estuarine Resources Office

(a) Establishment
(1) The Secretary of Commerce shall establish, within the National Oceanic and Atmospheric Administration, an office to be known as the Chesapeake Bay Estuarine Resources Office (hereinafter referred to as the “Office”).
(2) The Office shall be headed by a Director who shall be appointed by the Secretary of Commerce, in consultation with the Chesapeake Bay Executive Council. Any individual appointed as Director shall have knowledge and experience in research or resource management efforts in the Chesapeake Bay.
(3) The Director may appoint such additional personnel for the Office as the Director determines necessary to carry out this section.

(b) Functions
The Office, in consultation with the Chesapeake Bay Executive Council, shall—
(1) provide technical assistance to the Administrator, to other Federal departments and agencies, and to State and local government agencies in—
(A) assessing the processes that shape the Chesapeake Bay system and affect its living resources;
(B) identifying technical and management alternatives for the restoration and protection of living resources and the habitats they depend upon; and
(C) monitoring the implementation and effectiveness of management plans;
(2) develop and implement a strategy for the National Oceanic and Atmospheric Administration that integrates the science, research, monitoring, data collection, regulatory, and management responsibilities of the Secretary of Commerce in such a manner as to assist the cooperative, intergovernmental Chesapeake Bay Program to meet the commitments of the Chesapeake Bay Agreement;
(3) coordinate the programs and activities of the various organizations within the National Oceanic and Atmospheric Administration and the Chesapeake Bay Regional Sea Grant Programs (including programs and activities in coastal and estuarine research, monitoring, and assessment; fisheries research and stock assessments; data management; remote sensing; coastal management; and habitat conservation);
(4) coordinate the activities of the National Oceanic and Atmospheric Administration with the activities of the Environmental Protection Agency and other Federal, State, and local agencies;
(5) establish an effective mechanism which shall ensure that projects have undergone appropriate peer review and provide other appropriate means to determine that projects have acceptable scientific and technical merit for the purpose of achieving maximum utilization of available funds and resources to benefit the Chesapeake Bay area;
(6) remain cognizant of ongoing research, monitoring, and management projects and assist in the dissemination of the results and findings of those projects; and
(7) submit a biennial report to the Congress and the Secretary of Commerce with respect to the activities of the Office and on the progress made in protecting and restoring the living resources and habitat of the Chesapeake Bay.

(c) Budget line item
The Secretary of Commerce shall identify, in the President's annual budget to the Congress, the funding request for the Office.

(d) Omitted

(e) Chesapeake Executive Council
For purposes of this section, “Chesapeake Executive Council” means the representatives from the Commonwealth of Virginia, the State of Maryland, the Commonwealth of Pennsylvania, the Environmental Protection Agency, the District of Columbia, and the Chesapeake Bay Commission, who are signatories to the Chesapeake Bay Agreement, and any future signatories to that Agreement.

§1512. Powers and duties of Department
It shall be the province and duty of said Department to foster, promote, and develop the foreign and domestic commerce, the mining, manufacturing, and fishery industries of the United States; and to this end it shall be vested with jurisdiction and control of the departments, bureaus, offices, and branches of the public service hereinafter specified, and with such other powers and duties as may be prescribed by law.

§1513. Duties and powers vested in Department
All duties performed and all power and authority possessed or exercised by the head of any executive department in and over any bureau, office, officer, board, branch, or division of the public service transferred to the Department of Commerce, or any business arising therefrom or pertaining thereto, or in relation to the duties performed by and authority conferred by law upon such bureau, officer, office, board, branch, or division of the public service, whether of an appellate or revisory character or otherwise, shall be vested in and exercised by the Secretary of Commerce.

§1514. Basic authority for performance of certain functions and activities of Department
Appropriations are authorized for the following activities of the Department of Commerce:
(a) furnishing to employees of the Department of Commerce and other Federal agencies (including Army, Navy, and Air Force personnel where Army, Navy, or Air Force facilities or supplies are not available and upon request of the service concerned), and their dependents, in Alaska and other points outside the continental United States, free emergency medical services by contract or otherwise and free emergency medical supplies, where in the judgment of the Secretary furnishing of such supplies and services is necessary;
(b) when deemed necessary by the Secretary of Commerce, purchasing, transporting, storing, and distributing food and other subsistence supplies for resale to employees of the Department of Commerce and other Federal agencies (including Army, Navy, and Air Force personnel where Army, Navy, or Air Force facilities or supplies are not available and upon request of the service concerned), and their dependents, in Alaska and other points outside the continental United States at a reasonable value as determined by the Secretary of Commerce, the proceeds from such resales to be credited to the appropriation from which the expenditure was made;
(c) when deemed necessary by the Secretary of Commerce, the establishment, maintenance, and operation of messing facilities, by contract or otherwise, in Alaska and other points outside the continental United States where suitable family facilities are not available, such service to be furnished to employees of the Department of Commerce and other Federal agencies (including Army, Navy, and Air Force personnel where Army, Navy, or Air Force facilities are not available and upon request of the service concerned), and their dependents, in accordance with regulations established by the Secretary of Commerce, and at a reasonable value determined in accordance therewith, the proceeds from the furnishing of such services to be credited to the appropriation from which the expenditures are made;
(d) reimbursement, under regulations prescribed by the Secretary, of officers and employees in or under the Department of Commerce, for food, clothing, medicines, and other supplies furnished by them in emergencies for the temporary relief of distressed persons in remote localities;
(e) providing motion-picture equipment and film for recreation of crews of vessels of the National Ocean Survey, for recreation of employees in remote localities where such facilities are not available, and for training purposes;
(f) erecting, altering, repairing, equipping, furnishing, and maintaining, by contract or otherwise, such living and working quarters and facilities as may be necessary to carry out its authorized work at remote localities not on foreign soil where such living and working accommodations are not otherwise available.

§1515. Records, etc., of bureaus transferred to Department of Commerce
The official records and papers on file in and pertaining exclusively to the business of any bureau, office, department, or branch of the public service transferred to the Department of Commerce, together with the furniture in use in such bureau, office, department, or branch of the public service, are transferred to the Department of Commerce.

§1516. Statistical information
The Secretary of Commerce shall have control of the work of gathering and distributing statistical information naturally relating to the subjects confided to his department; and he shall have the power and authority to rearrange the statistical work of the bureaus and offices confided to the Department of Commerce, and to consolidate any of the statistical bureaus and offices above described. He shall also have authority to call upon other departments of the Government for statistical data and results obtained by them; and he may collate, arrange, and publish such statistical information so obtained in such manner as to him may seem wise.

§1516a. Statistics relating to social, health, and economic conditions of Americans of Spanish origin or descent
The Department of Commerce, the Department of Labor, the Department of Health and Human Services, and the Department of Agriculture shall each collect, and publish regularly, statistics which indicate the social, health, and economic condition of Americans of Spanish origin or descent.

§1517. Transfer of statistical or scientific work
The President is authorized, by order in writing, to transfer at any time the whole or any part of any office, bureau, division, or other branch of the public service engaged in statistical or scientific work, from the Department of State, the Department of the Treasury, the Department of Defense, the Department of Justice, the United States Postal Service, or the Department of the Interior, to the Department of Commerce; and in every such case the duties and authority performed by and conferred by law upon such office, bureau, division, or other branch of the public service, or the part thereof so transferred, shall be thereby transferred with such office, bureau, division, or other branch of the public service, or the part thereof which is so transferred. All power and authority conferred by law, both supervisory and appellate, upon the department from which such transfer is made, or the Secretary thereof, in relation to the said office, bureau, division, or other branch of the public service, or the part thereof so transferred, shall immediately, when such transfer is so ordered by the President, be fully conferred upon and vested in the Department of Commerce, or the Secretary thereof, as the case may be, as to the whole or part of such office, bureau, division, or other branch of the public service so transferred.

§1518. Custody of buildings; officers transferred
The Secretary of Commerce shall have charge, in the buildings or premises occupied by or appropriated to the Department of Commerce, of the library, furniture, fixtures, records, and other property pertaining to it or acquired for use in its business; and he shall be allowed to expend for periodicals and the purposes of the library, and for the rental of appropriate quarters for the accommodation of the Department of Commerce within the District of Columbia, and for all other incidental expenses, such sums as Congress may provide from time to time. Where any office, bureau, or branch of the public service transferred to the Department of Commerce is occupying rented buildings or premises, it may still continue to do so until other suitable quarters are provided for its use. All officers, clerks, and employees employed on February 14, 1903, in or by any of the bureaus, offices, departments, or branches of the public service transferred to the Department of Commerce are each and all transferred to said department, except where otherwise provided by law. All laws prescribing the work and defining the duties of the several bureaus, offices, departments, or branches of the public service transferred to and made a part of the Department of Commerce shall, so far as the same are not in conflict with the provisions of this Act, remain in full force and effect until otherwise provided by law.

§1519. Annual and special reports
The Secretary of Commerce shall annually, at the close of each fiscal year, make a report in writing to Congress, giving an account of all moneys received and disbursed by him and his Department, and describing the work done by the Department in fostering, promoting, and developing the foreign and domestic commerce, the mining, manufacturing, and fishery industries; of the United States, and making such recommendations as he shall deem necessary for the effective performance of the duties and purposes of the Department. He shall also from time to time make such special investigations and reports as he may be required to do by the President, or by either House of Congress, or which he himself may deem necessary and urgent.

§1519a. Repealed. Pub. L. 97–449, §7(b), Jan. 12, 1983, 96 Stat. 2443

§1520. Repealed. Pub. L. 91–412, §3(d), Sept. 25, 1970, 84 Stat. 864

§1521. Working capital fund; establishment; amount; uses; reimbursement
There is established a working capital fund of $100,000, without fiscal year limitation, for the payment of salaries and other expenses necessary to the maintenance and operation of (1) central duplicating, photographic, drafting, and photostating services and (2) such other services as the Secretary, with the approval of the Director of the Office of Management and Budget, determines may be performed more advantageously as central services; said fund to be reimbursed from applicable funds of bureaus, offices, and agencies for which services are performed on the basis of rates which shall include estimated or actual charges for personal services, materials, equipment (including maintenance, repairs, and depreciation) and other expenses: Provided, That such central services shall, to the fullest extent practicable, be used to make unnecessary the maintenance of separate like services in the bureaus, offices, and agencies of the Department: Provided further, That a separate schedule of expenditures and reimbursements, and a statement of the current assets and liabilities of the working capital fund as of the close of the last completed fiscal year, shall be included in the annual Budget.

§1522. Acceptance of gifts and bequests for purposes of the Department; separate fund; disbursements
The Secretary of Commerce is hereby authorized to accept, hold, administer, and utilize gifts and bequests of property, both real and personal, for the purpose of aiding or facilitating the work of the Department of Commerce. Gifts and bequests of money and the proceeds from sales of other property received as gifts or bequests shall be deposited in the Treasury in a separate fund and shall be disbursed upon order of the Secretary of Commerce. Property accepted pursuant to this provision, and the proceeds thereof, shall be used as nearly as possible in accordance with the terms of the gift or bequest.

§1523. Tax status of gifts and bequests of property
For the purpose of Federal income, estate, and gift taxes, property accepted under section 1522 of this title shall be considered as a gift or bequest to or for the use of the United States.

§1524. Investment and reinvestments of moneys; credit and disbursement of interest
Upon the request of the Secretary of Commerce, the Secretary of the Treasury may invest and reinvest in securities of the United States or in securities guaranteed as to principal and interest by the United States any moneys contained in the fund authorized herein. Income accruing from such securities, and from any other property accepted pursuant to section 1522 of this title, shall be deposited to the credit of the fund authorized herein, and shall be disbursed upon order of the Secretary of Commerce.

§1525. Special studies; special compilations, lists, bulletins, or reports; clearinghouse for technical information; transcripts or copies; cost payments for special work; joint projects: cost apportionment, waiver
The Secretary of Commerce is authorized, upon the request of any person, firm, organization, or others, public or private, to make special studies on matters within the authority of the Department of Commerce; to prepare from its records special compilations, lists, bulletins, or reports; to perform the functions authorized by section 1152 of this title; and to furnish transcripts or copies of its studies, compilations, and other records; upon the payment of the actual or estimated cost of such special work.
In the case of nonprofit organizations, research organizations, or public organizations or agencies, the Secretary may engage in joint projects, or perform services, on matters of mutual interest, the cost of which shall be apportioned equitably, as determined by the Secretary, who may, however, waive payment of any portion of such costs by others, when authorized to do so under regulations approved by the Office of Management and Budget.

§1526. Receipts for work or services; deposit in special accounts; availability for payment of costs, repayment or advances to appropriations or funds, refunds, credits to working capital funds; appropriation limitation of annual expenditures from accounts
All payments for work or services performed or to be performed under this Act shall be deposited in a separate account or accounts which may be used to pay directly the costs of such work or services, to repay or make advances to appropriations or funds which do or will initially bear all or part of such costs, or to refund excess sums when necessary: Provided, That said receipts may be credited to a working capital fund otherwise established by law, and used under the law governing said funds, if the fund is available for use by the agency of the Department of Commerce which is responsible for performing the work or services for which payment is received. Acts appropriating funds to the Department of Commerce may include provisions limiting annual expenditure from said account or accounts.

§1527. Fees or charges for services or publications under existing law unaffected
Except as to those laws expressly repealed herein, nothing in this Act shall alter, amend, modify, or repeal any existing law prescribing fees or charges or authorizing the prescribing of fees or charges for services performed or for any publication furnished by the Department of Commerce, or any of its several bureaus or offices.

§1527a. Economics and Statistics Administration Revolving Fund
There is hereby established the Economics and Statistics Administration Revolving Fund which shall be available without fiscal year limitation. For initial capitalization, there is appropriated $1,677,000 to the Fund: Provided, That the Secretary of Commerce is authorized to disseminate economic and statistical data products as authorized by sections 1525 to 1527 of this title and, notwithstanding section 4912 of this title, charge fees necessary to recover the full costs incurred in their production. Notwithstanding section 3302 of title 31, receipts received from these data dissemination activities shall be credited to this account as offsetting collections, to be available for carrying out these purposes without further appropriation.

§1528. Transferred

§1529. Relinquishment of legislative jurisdiction over certain lands
Notwithstanding any other law, the Secretary of Commerce, whenever the Secretary considers it desirable, may relinquish to a State, or to a Commonwealth, territory, or possession of the United States, all or part of the legislative jurisdiction of the United States over lands or interests under the Secretary's control in that State, Commonwealth, territory, or possession. Relinquishment of legislative jurisdiction under this section may be accomplished—
(1) by filing with the Governor (or, if none exists, with the chief executive officer) of the State, Commonwealth, territory, or possession concerned a notice of relinquishment to take effect upon acceptance of the notice; or
(2) as required by the laws of the State, Commonwealth, territory, or possession.

§1530. Awarding of contracts for performance of commercial activity by National Oceanic and Atmospheric Administration
The Administration may not award any contract for the performance of any “commercial activity”, as defined by paragraph 6.a. of the Office of Management and Budget Circular Memorandum A–76, which is performed by Administration employees until at least 30 calendar days after the Administrator of the Administration has presented, in writing, to the President of the Senate, the Speaker of the House of Representatives, the Committee on Commerce, Science, and Transportation of the Senate, and the Committee on Merchant Marine and Fisheries and the Committee on Science, Space, and Technology of the House of Representatives, a full and complete description of such proposed contract, together with supporting documentation. Such documentation shall include—
(1) a comparison of the cost of such activity as performed by employees of the Administration and the cost of such activity as performed under the proposed contract;
(2) a comparison of the services performed by employees of the Administration and the services to be performed under the proposed contract; and
(3) an assessment of the benefits to the Federal Government of proceeding with the proposed contract.

§1531. Buying Power Maintenance accounts for International Trade Administration, Export Administration, and United States Travel and Tourism Administration
In order to maintain overseas program activity for the Department of Commerce provided for each fiscal year at the appropriated program levels, the Secretary may establish Buying Power Maintenance accounts for the International Trade Administration, the Export Administration, and the United States Travel and Tourism Administration. There are authorized to be appropriated for such accounts such sums as may be necessary to offset adverse fluctuations in foreign currency exchange rates, or unbudgeted overseas wage and price changes. To eliminate substantial gains to the approved levels of overseas operations, the Secretary shall transfer to a Buying Power Maintenance account such amounts determined to be excessive to the needs of the approved level of overseas operations because of fluctuations in foreign currency exchange rates or changes in unbudgeted overseas wages and prices, including unobligated balances associated with the overseas program. To offset adverse fluctuations in foreign currency exchange rates or unbudgeted overseas wage and price changes, the Secretary may transfer from a Buying Power Maintenance account such amounts determined to be necessary to maintain the approved level of overseas operations under an appropriation account. Funds transferred by the Secretary to or from a Buying Power Maintenance account to another account shall be merged with and be available for the same purpose, and for the same time period, as the funds in the account into which transferred. Any restriction contained in an appropriation Act or other provision of law limiting the amounts available for the Department of Commerce that may be obligated or expended shall be deemed to be adjusted to the extent necessary to offset the net effect of fluctuations in foreign currency exchange rates or unbudgeted overseas wage and price changes in order to maintain approved levels.

§1532. Telecommunications; electromagnetic radiation; research, analysis, dissemination of information; other functions of Secretary
The Secretary of Commerce is authorized to—
(1) conduct research on all of the telecommunications sciences, including wave propagation and reception, the conditions which affect electromagnetic wave propagation and reception, electromagnetic noise and interference, radio system characteristics, operating techniques affecting the use of the electromagnetic spectrum, and methods for improving the use of the electromagnetic spectrum for telecommunications purposes;
(2) prepare and issue predictions of electromagnetic wave propagation conditions and warnings of disturbances in such conditions;
(3) investigate conditions which affect the transmission of radio waves from their source to a receiver and the compilation and distribution of information on such transmission of radio waves as a basis for choice of frequencies to be used in radio operations;
(4) conduct research and analysis in the general field of telecommunications sciences in support of assigned functions and in support of other Government agencies;
(5) investigate nonionizing electromagnetic radiation and its uses, as well as methods and procedures for measuring and assessing electromagnetic environments, for the purpose of developing and coordinating policies and procedures affecting Federal Government use of the electromagnetic spectrum for telecommunications purposes;
(6) compile, evaluate, publish, and otherwise disseminate general scientific and technical data resulting from the performance of the functions specified in this section or from other sources when such data are important to science, engineering, or industry, or to the general public, and are not available elsewhere; and
(7) undertake such other activities similar to those specified in this subsection as the Secretary of Commerce determines appropriate.

§1533. Commerce, Science, and Technology Fellowship Program
There is established within the Department of Commerce a Commerce, Science, and Technology Fellowship Program with the stated purpose of providing a select group of employees of the executive branch of the Government with the opportunity of learning how the legislative branch and other parts of the executive branch function through work experiences of up to one year. The Secretary of Commerce shall report to the Congress within six months after August 23, 1988, on the Department of Commerce's plans for implementing such Program by March 31, 1989.

§1534. Assessment of fees for access to environmental data

(a) Basis of assessment
Except as otherwise provided in this section, the Secretary is authorized to assess fees, based on fair market value, for access to environmental data and information and products derived therefrom collected and/or archived by the National Oceanic and Atmospheric Administration.

(b) Eligible recipients; waiver of fees in cases of foreign governments and international organizations
(1) The Secretary shall provide data, information, and products described in subsection (a) of this section to Federal, State, and local government agencies, to universities, and to other nonprofit institutions at the cost of reproduction and transmission, if such data, information, and products are to be used for research and not for commercial purposes.
(2) The Secretary shall waive the assessment of fees under subsection (a) of this section as necessary to continue to provide data, information, or products to foreign governments and international organizations on a basis of exchanging such data, information, and products or as otherwise provided by international agreement.
(3) The Secretary shall waive the assessment of fees authorized by subsection (a) of this section as necessary to continue to provide weather warnings, watches, and similar products and services essential to the mission of the National Oceanic Atmospheric 1 Administration.

(c) Publication of fee schedules in Federal Register; initial schedule effective for three-year period
The initial schedule of any fees assessed under this section, and any subsequent amendment to such schedule, shall be published by the Secretary in the Federal Register at least 30 days before such fees will take effect. The initial schedule shall remain in effect without amendment for the three-year period beginning on the date that fees under the schedule take effect.

(d) Effective date of assessments; progressive increments
Any assessment of fees under this section by the National Environmental Satellite, Data, and Information Service for archived data shall meet the following requirements:
(1) The initial schedule of fees established by the National Environmental Satellite, Data, and Information Service for archived data shall remain in effect for the 3-year period beginning on the date that the fees under that schedule take effect.
(2) With respect to the first one-year period during which the initial fee schedule is in effect, fees shall be assessed at no more than one-third of the fair market value specified in subsection (a) of this section.
(3) With respect to the second one-year period during which the initial fee schedule is in effect, fees shall be assessed at not more than two-thirds of such fair market value.
(4) With respect to the third one-year period during which the initial fee schedule is in effect, and with respect to any period thereafter, fees shall be assessed at no more than the full amount of such fair market value.

(e) Data archive center operations; availability of fees for expenses of centers
Fees collected under this section by the National Environmental Satellite, Data, and Information Service for archived data shall be available to the National Environmental Satellite, Data, and Information Service for expenses incurred in the operation of its data archive centers.

(f) Report to Congressional committees
The Secretary shall, not later than 90 days after November 17, 1988, submit to the Committee on Commerce, Science, and Transportation of the Senate and the Committee on Science, Space, and Technology of the House of Representatives a report which sets forth—
(1) any plan of the Secretary for assessing fees under this section by the National Environmental Satellite, Data, and Information Service for archived data, including the methodology and bases by which the amount of such fees shall be determined, and the estimated revenues therefrom; and
(2) any plan of the Secretary for using revenues generated from such fees, as well as other resources, to improve the capability of the National Environmental Satellite, Data, and Information Service to collect, manage, process, archive, and disseminate the increasing amounts of data generated from satellites, radars, and other technologies.

(g) Other assessment authorities unaffected
The authority of the Secretary to assess fees under this section shall be in addition to, and shall not be construed to limit, the authority under any other law to assess fees relating to the environmental data activities of the National Oceanic and Atmospheric Administration, including the authority of the Secretary pursuant to section 1307 of title 44. Nothing in this section shall be construed to authorize the Secretary to assess fees for nautical and aeronautical products of the National Oceanic and Atmospheric Administration in addition to those fees authorized under section 1307 of title 44.

§1535. Office of Space Commerce; report of activities
Commencing in fiscal year 1992, and every fiscal year thereafter, the Secretary of Commerce shall submit to the Committee on Commerce, Science, and Transportation of the Senate and the Committee on Science, Space, and Technology of the House of Representatives a report of the activities of the Office of Space Commerce, including planned programs and expenditures.

§1536. Prohibition against fraudulent use of “Made in America” labels
If it has been finally determined by a court or a Federal agency that any person intentionally affixed a label bearing a “Made in America” inscription, or an inscription with the same meaning, to any product sold in or shipped to the United States that is not made in the United States, that person shall be ineligible to receive any contract or subcontract from the Department of Commerce, pursuant to the debarment, suspension, and ineligibility procedures in subpart 9.4 of chapter 1 of title 48, Code of Federal Regulations.

§1537. Needs assessment for data management, archival, and distribution
(1) Not later than 12 months after October 29, 1992, and at least biennially thereafter, the Secretary of Commerce shall complete an assessment of the adequacy of the environmental data and information systems of the National Oceanic and Atmospheric Administration. In conducting such an assessment, the Secretary shall take into consideration the need to—
(A) provide adequate capacity to manage, archive, and disseminate environmental data and information collected and processed, or expected to be collected and processed, by the National Oceanic and Atmospheric Administration and other appropriate departments and agencies;
(B) establish, develop, and maintain information bases, including necessary management systems, which will promote consistent, efficient, and compatible transfer and use of data;
(C) develop effective interfaces among the environmental data and information systems of the National Oceanic and Atmospheric Administration and other appropriate departments and agencies;
(D) develop and use nationally accepted formats and standards for data collected by various national and international sources; and
(E) integrate and interpret data from different sources to produce information that can be used by decisionmakers in developing policies that effectively respond to national and global environmental concerns.
(2) Not later than 12 months after October 29, 1992, and biennially thereafter, the Secretary of Commerce shall develop and submit to the Committee on Commerce, Science, and Transportation of the Senate and the Committee on Science, Space, and Technology of the House of Representatives a comprehensive plan, based on the assessment under paragraph (1), to modernize and improve the environmental data and information systems of the National Oceanic and Atmospheric Administration. The report shall—
(A) set forth modernization and improvement objectives for the 10-year period beginning with the year in which the plan is submitted, including facility requirements and critical new technological components that would be necessary to meet the objectives set forth;
(B) propose specific agency programs and activities for implementing the plan;
(C) identify the data and information management, archival, and distribution responsibilities of the National Oceanic and Atmospheric Administration with respect to other Federal departments and agencies and international organizations, including the role of the National Oceanic and Atmospheric Administration with respect to large data systems like the Earth Observing System Data and Information System; and
(D) provide an implementation schedule and estimate funding levels necessary to achieve modernization and improvement objectives.

§1538. Notice of reprogramming

(a) In general
The Secretary of Commerce shall provide notice to the Committee on Commerce, Science, and Transportation and Committee on Appropriations of the Senate and to the Committee on Merchant Marine and Fisheries, Committee on Science, Space, and Technology, and Committee on Appropriations of the House of Representatives, not less than 15 days before reprogramming funds available for a program, project, or activity of the National Oceanic and Atmospheric Administration in an amount greater than the lesser of $250,000 or 5 percent of the total funding of such program, project, or activity if the reprogramming—
(1) augments an existing program, project, or activity;
(2) reduces by 5 percent or more (A) the funding for an existing program, project, or activity or (B) the numbers of personnel therefor as approved by Congress; or
(3) results from any general savings from a reduction in personnel which would result in a change in an existing program, project, or activity.

(b) Notice of reorganization
The Secretary of Commerce shall provide notice to the Committees on Merchant Marine and Fisheries, Science, Space, and Technology, and Appropriations of the House of Representatives, and the Committees on Commerce, Science, and Transportation and Appropriations of the Senate not later than 15 days before any major reorganization of any program, project, or activity of the National Oceanic and Atmospheric Administration.

§1539. Financial assistance

(a) Processing of applications
Within 12 months after October 29, 1992, the Secretary of Commerce shall develop and, after notice and opportunity for public comment, promulgate regulations or guidelines to ensure that a completed application for a grant, contract, or other financial assistance under a nondiscretionary assistance program shall be processed and approved or disapproved within 75 days after submission of the application to the responsible program office of the National Oceanic and Atmospheric Administration.

(b) Notification of applicant
Not later than 14 days after the date on which the Secretary of Commerce receives an application for a contract, grant, or other financial assistance provided under a nondiscretionary assistance program administered by the National Oceanic and Atmospheric Administration, the Secretary shall indicate in writing to the applicant whether or not the application is complete and, if not complete, shall specify the additional material that the applicant must provide to complete the application.

(c) Exemption
In the case of a program for which the recipient of a grant, contract, or other financial assistance is specified by statute to be, or has customarily been, a State or an interstate fishery commission, such financial assistance may be provided by the Secretary to that recipient on a sole-source basis, notwithstanding any other provision of law.

(d) “Nondiscretionary assistance program” defined
In this section, the term “nondiscretionary assistance program” means any program for providing financial assistance—
(1) under which the amount of funding for, and the intended recipient of, the financial assistance is specified by Congress; or
(2) the recipients of which have customarily been a State or an interstate fishery commission.

§1540. Cooperative agreements
The Secretary of Commerce, acting through the Under Secretary of Commerce for Oceans and Atmosphere, may enter into cooperative agreements and other financial agreements with any nonprofit organization to—
(1) aid and promote scientific and educational activities to foster public understanding of the National Oceanic and Atmospheric Administration or its programs; and
(2) solicit private donations for the support of such activities.

