§171. Repealed. Pub. L. 90–620, §3, Oct. 22, 1968, 82 Stat. 1308

§172. Transfer of duties of Department of Labor; special investigations
The duties of the Department of Labor, or Bureau of Labor, "to ascertain, at as early a date as possible, and whenever industrial changes shall make it essential, the cost of producing articles at the time dutiable in the United States, in leading countries where such articles are produced, by fully specified units of production, and under a classification showing the different elements of cost, or approximate cost, of such articles of production, including the wages paid in such industries per day, week, month, or year, or by the piece; and hours employed per day; and the profits of manufacturers and producers of such articles; and the comparative cost of living, and the kind of living; what articles are controlled by trusts or other combinations of capital, business operations, or labor, and what effect said trusts, or other combinations of capital, business operations, or labor have on production and prices", are, as of August 23, 1912, transferred to and shall be discharged by the Bureau of Foreign and Domestic Commerce, and it shall be also the duty of said Bureau of Foreign and Domestic Commerce to make such special investigation and report on particular subjects when required to do so by the President or either House of Congress.

§§173, 174. Repealed. Pub. L. 87–826, §3, Oct. 15, 1962, 76 Stat. 953

§175. Additional duties of Bureau
It shall be the province and duty of the Bureau of Foreign and Domestic Commerce, under the direction of the Secretary of Commerce, to foster, promote, and develop the various manufacturing industries of the United States, and markets for the same at home and abroad, domestic and foreign, by gathering, compiling, publishing, and supplying all available and useful information concerning such industries and such markets, and by such other methods and means as may be prescribed by the Secretary of Commerce or provided by law.

§176. Collection of commercial statistics
A purpose of the Bureau of Foreign and Domestic Commerce is the collection, arrangement, and classification of such statistical information as may be procured, showing, or tending to show, each year the condition of the manufactures, domestic trade, currency, and banks of the several States and Territories.

§176a. Confidential nature of information furnished Bureau
Any statistical information furnished in confidence to the Bureau of Foreign and Domestic Commerce by individuals, corporations, and firms shall be held to be confidential, and shall be used only for the statistical purposes for which it is supplied. The Director of the Bureau of Foreign and Domestic Commerce shall not permit anyone other than the sworn employees of the Bureau to examine such individual reports, nor shall he permit any statistics of domestic commerce to be published in such manner as to reveal the identity of the individual, corporation, or firm furnishing such data.

§176b. Repealed. June 25, 1948, ch. 645, §21, 62 Stat. 862

§177. Repealed. Pub. L. 87–826, §3, Oct. 15, 1962, 76 Stat. 953

§178. Collection of statistics of foreign and interstate commerce and transportation
It shall be the duty of the officer in charge of the Bureau of Foreign and Domestic Commerce to gather and collate statistics and facts relating to commerce with foreign nations and among the several States, the railroad systems of this and other countries, the construction and operation of railroads, the actual cost of such construction and operation of railroads, the actual cost of transporting freight and passengers on railroads, and on canals, rivers, and other navigable waters of the United States, the charges imposed for such transportation of freight and passengers, and the tonnage transported.

§179. Repealed. Pub. L. 87–826, §3, Oct. 15, 1962, 76 Stat. 953

§180. Repealed. Feb. 28, 1933, ch. 131, §1, 47 Stat. 1349

§181. Repealed. Pub. L. 87–826, §3, Oct. 15, 1962, 76 Stat. 953

§182. Statistics of manufactures
The Director of the Bureau of Foreign and Domestic Commerce shall collect, digest, and arrange, for the use of Congress, the statistics of the manufactures of the United States, their localities, sources of raw material, markets, exchanges with the producing regions of the country, transportation of products, wages, and such other conditions as are found to affect their prosperity.

§183. Report of statistics
The Secretary of Commerce shall make a report to Congress on the first Monday of January in each year, containing the results of the information collected during the preceding year, by the Bureau of Foreign and Domestic Commerce, upon the condition of the manufactures, domestic trade, currency, and banks of the several States and Territories.

§§184 to 187. Repealed. Pub. L. 87–826, §3, Oct. 15, 1962, 76 Stat. 953

§188. Publication of commercial information
The Secretary of Commerce shall publish official notifications, from time to time, of such commercial information communicated to him by diplomatic and consular officers, as he may deem important to the public interests, in such newspapers, not to exceed three in number, as he may select.

§§189, 189a. Repealed. Pub. L. 91–412, §3(b), (c), Sept. 25, 1970, 84 Stat. 864

§190. Discussions in commercial reports of partisan questions
No part of the consular and other commercial reports of the Department of Commerce, including circular letters to chambers of commerce, discussing partisan political, religious, or moral questions shall be published.

§191. Terms of measure, weight, and money in commercial reports
All terms of measure, weight, and money in the diplomatic, consular, and other commercial reports prepared, printed, published, and distributed by the Department of Commerce shall be reduced to and expressed in terms of measure, weight, and coin of the United States, as well as in the foreign terms.

§§192, 192a. Repealed. Pub. L. 91–412, §3(a), (b), Sept. 25, 1970, 84 Stat. 864

§193. Repealed. Pub. L. 87–826, §3, Oct. 15, 1962, 76 Stat. 953

§§194, 195. Omitted

§196. Payments for rent of offices in foreign countries
Section 3324(a) and (b) of title 31 shall not apply to advance payments for rent of offices in foreign countries by the Bureau of Foreign and Domestic Commerce.

§§197 to 197d. Repealed. Aug. 13, 1946, ch. 957, title XI, §1131(54), 60 Stat. 1039

§197e. Repealed. Pub. L. 89–554, §8(a), Sept. 6, 1966, 80 Stat. 647

§197f. Repealed. Aug. 13, 1946, ch. 957, title XI, §1131(54), 60 Stat. 1039

§198. Repealed. Oct. 10, 1940, ch. 851, §4, 54 Stat. 1111

