§§636 to 636h. Repealed. Pub. L. 92–181, title V, §5.26(a), Dec. 10, 1971, 85 Stat. 624

§§637, 638. Repealed. Aug. 6, 1953, ch. 335, §19, 67 Stat. 400

§§639, 640. Repealed. Pub. L. 92–181, title V, §5.26(a), Dec. 10, 1971, 85 Stat. 624

§640–1. Omitted

§§640a to 640l. Repealed. Pub. L. 92–181, title V, §5.26(a), Dec. 10, 1971, 85 Stat. 624

§§641, 642. Repealed. Pub. L. 92–181, title V, §5.26(a), Dec. 10, 1971, 85 Stat. 624

§651. Repealed. Pub. L. 92–181, title V, §5.26(a), Dec. 10, 1971, 85 Stat. 624

§§652 to 655. Repealed. Aug. 6, 1953, ch. 335, §19, 67 Stat. 400

§§656, 656a. Repealed. Pub. L. 92–181, title V, §5.26(a), Dec. 10, 1971, 85 Stat. 624

§657. Repealed. Sept. 21, 1944, ch. 412, §601(d), 58 Stat. 741, eff. July 1, 1944

§§658, 659. Repealed. Pub. L. 86–168, title I, §101(b), (c), Aug. 18, 1959, 73 Stat. 384, eff. Dec. 31, 1959

§§660 to 665. Repealed. Pub. L. 92–181, title V, §5.26(a), Dec. 10, 1971, 85 Stat. 624

§671. Repealed. Aug. 19, 1937, ch. 704, §7(a), 50 Stat. 707

§§672 to 677a. Repealed. Pub. L. 92–181, title V, §5.26(a), Dec. 10, 1971, 85 Stat. 624

§§678 to 682. Omitted

§682a. Repealed. Aug. 19, 1937, ch. 704, §7(c), 50 Stat. 707

§683. Omitted

§§691 to 697. Repealed. Pub. L. 92–181, title V, §5.26(a), Dec. 10, 1971, 85 Stat. 624

§698. Repealed. Aug. 11, 1955, ch. 785, title III, §302, 69 Stat. 664

§701. Repealed. Pub. L. 92–181, title V, §5.26(a), Dec. 10, 1971, 85 Stat. 624

§§711 to 724. Repealed. Pub. L. 92–181, title V, §5.26(a), Dec. 10, 1971, 85 Stat. 624

§§731 to 734. Repealed. Pub. L. 92–181, title V, §5.26(a), Dec. 10, 1971, 85 Stat. 624

§§741 to 747. Repealed. Pub. L. 92–181, title V, §5.26(a), Dec. 10, 1971, 85 Stat. 624

§§751 to 757. Repealed. Pub. L. 92–181, title V, §5.26(a), Dec. 10, 1971, 85 Stat. 624

§761. Repealed. Pub. L. 92–181, title V, §5.26(a), Dec. 10, 1971, 85 Stat. 624

§§771, 772. Repealed. Pub. L. 92–181, title V, §5.26(a), Dec. 10, 1971, 85 Stat. 624

§773. Omitted

§773a. Repealed. Pub. L. 92–181, title V, §5.26(a), Dec. 10, 1971, 85 Stat. 624

§781. Repealed. Pub. L. 92–181, title V, §5.26(a), Dec. 10, 1971, 85 Stat. 624

§791. Repealed. Pub. L. 92–181, title V, §5.26(a), Dec. 10, 1971, 85 Stat. 624

§§801 to 808. Repealed. Pub. L. 92–181, title V, §5.26(a), Dec. 10, 1971, 85 Stat. 624

§§810 to 824. Repealed. Pub. L. 92–181, title V, §5.26(a), Dec. 10, 1971, 85 Stat. 624

§§831 to 833. Repealed. Pub. L. 92–181, title V, §5.26(a), Dec. 10, 1971, 85 Stat. 624

§§841 to 844. Repealed. Pub. L. 92–181, title V, §5.26(a), Dec. 10, 1971, 85 Stat. 624

§§851 to 857. Repealed. Pub. L. 92–181, title V, §5.26(a), Dec. 10, 1971, 85 Stat. 624

§§861 to 864. Repealed. Pub. L. 92–181, title V, §5.26(a), Dec. 10, 1971, 85 Stat. 624

§§871 to 886. Repealed. Pub. L. 92–181, title V, §5.26(a), Dec. 10, 1971, 85 Stat. 624

§§891 to 899. Repealed. Pub. L. 92–181, title V, §5.26(a), Dec. 10, 1971, 85 Stat. 624

§§901 to 903. Repealed. Pub. L. 92–181, title V, §5.26(a), Dec. 10, 1971, 85 Stat. 624

§§911 to 915. Repealed. Pub. L. 92–181, title V, §5.26(a), Dec. 10, 1971, 85 Stat. 624

§921. Repealed. Pub. L. 92–181, title V, §5.26(a), Dec. 10, 1971, 85 Stat. 624

§931. Repealed. Pub. L. 92–181, title V, §5.26(a), Dec. 10, 1971, 85 Stat. 624

§931a. Omitted

§§932, 933. Repealed. Pub. L. 92–181, title V, §5.26(a), Dec. 10, 1971, 85 Stat. 624

§§941 to 943. Repealed. Pub. L. 92–181, title V, §5.26(a), Dec. 10, 1971, 85 Stat. 624

§§951, 952. Repealed. Pub. L. 92–181, title V, §5.26(a), Dec. 10, 1971, 85 Stat. 624

§953. Repealed. Pub. L. 89–554, §8(a), Sept. 6, 1966, 80 Stat. 643

§§961 to 963. Repealed. Pub. L. 92–181, title V, §5.26(a), Dec. 10, 1971, 85 Stat. 624

§963a. Repealed. June 30, 1947, ch. 166, title II, §206(c), 61 Stat. 208

§§964 to 966. Repealed. Pub. L. 92–181, title V, §5.26(a), Dec. 10, 1971, 85 Stat. 624

§967. Repealed. Pub. L. 92–181, title V, §5.26(a), Dec. 10, 1971, 85 Stat. 624

§§971 to 973. Repealed. Pub. L. 92–181, title V, §5.26(a), Dec. 10, 1971, 85 Stat. 624

§§981 to 987. Repealed. June 25, 1948, ch. 645, §21, 62 Stat. 862, eff. Sept. 1, 1948

§991. Repealed. Pub. L. 92–181, title V, §5.26(a), Dec. 10, 1971, 85 Stat. 624

§§992 to 993. Repealed. Pub. L. 87–353, §3(a), (w), Oct. 4, 1961, 75 Stat. 773, 774

§1001. Repealed. Pub. L. 92–181, title V, §5.26(a), Dec. 10, 1971, 85 Stat. 624

§1011. Repealed. Pub. L. 92–181, title V, §5.26(a), Dec. 10, 1971, 85 Stat. 624

§1012. Repealed. Pub. L. 92–181, title V, §5.26(a), Dec. 10, 1971, 85 Stat. 624

§1016. Repealed and Omitted

§§1017 to 1019. Repealed. Pub. L. 87–353, §3(b), Oct. 4, 1961, 75 Stat. 773

§§1020 to 1020a–1. Repealed. Pub. L. 87–353, §3(a), (v), Oct. 4, 1961, 75 Stat. 773, 774

§§1020a–2, 1020a–3. Omitted

§§1020b, 1020c. Repealed. Pub. L. 87–353, §3(a), Oct. 4, 1961, 75 Stat. 773

§1020c–1. Omitted

§§1020d to 1020h. Repealed. Pub. L. 87–353, §3(a), Oct. 4, 1961, 75 Stat. 773

§§1020i to 1020n. Repealed. Aug. 14, 1946, ch. 964, §2(a)(2), 60 Stat. 1062

§1020n–1. Omitted

§1020o. Repealed. Aug. 14, 1946, ch. 964, §2(a)(2), 60 Stat. 1062

§§1021 to 1023. Repealed. Pub. L. 92–181, title V, §5.26(a), Dec. 10, 1971, 85 Stat. 624

§1023a. Omitted

§§1023b to 1027. Repealed. Pub. L. 92–181, title V, §5.26(a), Dec. 10, 1971, 85 Stat. 624

§§1031 to 1033. Repealed. Pub. L. 92–181, title V, §5.26(a), Dec. 10, 1971, 85 Stat. 624

§1034. Repealed. June 3, 1935, ch. 164, §5(c), 49 Stat. 315

§§1040 to 1045. Repealed. Pub. L. 92–181, title V, §5.26(a), Dec. 10, 1971, 85 Stat. 624

§§1051 to 1053. Repealed. Pub. L. 92–181, title V, §5.26(a), Dec. 10, 1971, 85 Stat. 624

§§1061, 1062. Repealed. Pub. L. 92–181, title V, §5.26(a), Dec. 10, 1971, 85 Stat. 624

§1072. Repealed. Pub. L. 92–181, title V, §5.26(a), Dec. 10, 1971, 85 Stat. 624

§1081. Repealed. Pub. L. 92–181, title V, §5.26(a), Dec. 10, 1971, 85 Stat. 624

§§1091 to 1095. Repealed. Pub. L. 92–181, title V, §5.26(a), Dec. 10, 1971, 85 Stat. 624

§1101. Repealed. Pub. L. 92–181, title V, §5.26(a), Dec. 10, 1971, 85 Stat. 624

§1111. Repealed. Pub. L. 92–181, title V, §5.26(a), Dec. 10, 1971, 85 Stat. 624

§§1121 to 1128. Repealed. June 25, 1948, ch. 645, §21, 62 Stat. 862, eff. Sept. 1, 1948

§1129. Repealed. Pub. L. 92–181, title V, §5.26(a), Dec. 10, 1971, 85 Stat. 624

§1131. Repealed. Pub. L. 89–554, §8(a), Sept. 6, 1966, 80 Stat. 648

§1131a. Repealed. Pub. L. 92–181, title V, §5.26(a), Dec. 10, 1971, 85 Stat. 624

§1131a–1. Omitted

§1131b. Repealed. July 26, 1956, ch. 741, title I, §105(c), 70 Stat. 665

§1131c. Repealed. Pub. L. 92–181, title V, §5.26(a), Dec. 10, 1971, 85 Stat. 624

§§1131d to 1131g. Repealed. Pub. L. 92–181, title V, §5.26(a), Dec. 10, 1971, 85 Stat. 624

§1131g–1. Repealed. July 26, 1956, ch. 741, title I, §105(q), 70 Stat. 666

§§1131g–2, 1131h. Repealed. Pub. L. 92–181, title V, §5.26(a), Dec. 10, 1971, 85 Stat. 624

§1131i. Repealed. Pub. L. 92–181, title V, §5.26(a), Dec. 10, 1971, 85 Stat. 624

§1131j. Transferred

§§1134 to 1134e. Repealed. Pub. L. 92–181, title V, §5.26(a), Dec. 10, 1971, 85 Stat. 624

§§1134f to 1134m. Repealed. Pub. L. 92–181, title V, §5.26(a), Dec. 10, 1971, 85 Stat. 624

§§1138 to 1138c. Repealed. Pub. L. 92–181, title V, §5.26(a), Dec. 10, 1971, 85 Stat. 624

§1138d. Repealed. June 25, 1948, ch. 645, §21, 62 Stat. 862, eff. Sept. 1, 1948

§1138e. Repealed. Pub. L. 92–181, title V, §5.26(a), Dec. 10, 1971, 85 Stat. 624

§1138f. Repealed. Aug. 11, 1955, ch. 785, title I, §110(b), 69 Stat. 662

