§1151. Repealed. Pub. L. 86–230, §24, Sept. 8, 1959, 73 Stat. 466

§1151a. Repealed. Pub. L. 92–181, title V, §5.26(a), Dec. 10, 1971, 85 Stat. 624

§§1161 to 1163. Repealed. Pub. L. 86–230, §24, Sept. 8, 1959, 73 Stat. 466

§§1171, 1172. Repealed. Pub. L. 86–230, §24, Sept. 8, 1959, 73 Stat. 466

§§1181, 1182. Repealed. Pub. L. 86–230, §24, Sept. 8, 1959, 73 Stat. 466

§1191. Repealed. Pub. L. 86–230, §24, Sept. 8, 1959, 73 Stat. 466

§§1201, 1202. Repealed. Pub. L. 86–230, §24, Sept. 8, 1959, 73 Stat. 466

§§1211 to 1215. Repealed. Pub. L. 86–230, §24, Sept. 8, 1959, 73 Stat. 466

§§1221 to 1223. Repealed. Pub. L. 86–230, §24, Sept. 8, 1959, 73 Stat. 466

§§1231, 1232. Repealed. Pub. L. 86–230, §24, Sept. 8, 1959, 73 Stat. 466

§§1241 to 1244. Repealed. Pub. L. 86–230, §24, Sept. 8, 1959, 73 Stat. 466

§1245. Repealed. June 25, 1948, ch. 645, §21, 62 Stat. 862, eff. Sept. 1, 1948

§§1246, 1247. Repealed. Pub. L. 86–230, §24, Sept. 8, 1959, 73 Stat. 466

§1248. Repealed. June 25, 1948, ch. 645, §21, 62 Stat. 862, eff. Sept. 1, 1948

§1249. Repealed. Pub. L. 86–230, §24, Sept. 8, 1959, 73 Stat. 466

§1251. Repealed. Pub. L. 86–230, §24, Sept. 8, 1959, 73 Stat. 466

§1261. Repealed. Pub. L. 86–230, §24, Sept. 8, 1959, 73 Stat. 466

§1271. Repealed. Pub. L. 86–230, §24, Sept. 8, 1959, 73 Stat. 466

§§1281 to 1283. Repealed. Pub. L. 86–230, §24, Sept. 8, 1959, 73 Stat. 466

§§1291 to 1293. Repealed. Pub. L. 86–230, §24, Sept. 8, 1959, 73 Stat. 466

§§1301 to 1303. Repealed. Pub. L. 86–230, §24, Sept. 8, 1959, 73 Stat. 466

§§1311 to 1318. Repealed. June 25, 1948, ch. 645, §21, 62 Stat. 862, eff. Sept. 1, 1948

§1321. Omitted

§1322. Repealed. Pub. L. 86–230, §24, Sept. 8, 1959, 73 Stat. 466

